;  LST file generated by mikroListExporter - v.2.0 
; Date/Time: 06/05/2019 8:21:50 PM
;----------------------------------------------

;Address Opcode 	ASM
0x0000	0x29F2      	GOTO       498
_interrupt:
0x0004	0x00FF      	MOVWF      R15
0x0005	0x0E03      	SWAPF      STATUS, 0
0x0006	0x0183      	CLRF       STATUS
0x0007	0x1683      	BSF        STATUS, 5
0x0008	0x00EC      	MOVWF      ___saveSTATUS
0x0009	0x080A      	MOVF       PCLATH, 0
0x000A	0x00ED      	MOVWF      ___savePCLATH
0x000B	0x018A      	CLRF       PCLATH
;projet_gestion_appels_infirmiers.c,36 :: 		void interrupt ()
;projet_gestion_appels_infirmiers.c,38 :: 		if(INTCON.INTF == 1 )
0x000C	0x1C8B      	BTFSS      INTCON, 1
0x000D	0x2812      	GOTO       L_interrupt1
;projet_gestion_appels_infirmiers.c,40 :: 		flag = 1;              // set flag
0x000E	0x3001      	MOVLW      1
0x000F	0x1283      	BCF        STATUS, 5
0x0010	0x00AC      	MOVWF      _flag
;projet_gestion_appels_infirmiers.c,41 :: 		INTCON.INTF = 0;       // Clear Interrupt Flag
0x0011	0x108B      	BCF        INTCON, 1
;projet_gestion_appels_infirmiers.c,42 :: 		}
L_interrupt1:
;projet_gestion_appels_infirmiers.c,44 :: 		INTCON.INTE=1;
0x0012	0x160B      	BSF        INTCON, 4
;projet_gestion_appels_infirmiers.c,45 :: 		}
L_end_interrupt:
L__interrupt41:
0x0013	0x1683      	BSF        STATUS, 5
0x0014	0x086D      	MOVF       ___savePCLATH, 0
0x0015	0x008A      	MOVWF      PCLATH
0x0016	0x0E6C      	SWAPF      ___saveSTATUS, 0
0x0017	0x0083      	MOVWF      STATUS
0x0018	0x0EFF      	SWAPF      R15, 1
0x0019	0x0E7F      	SWAPF      R15, 0
0x001A	0x0009      	RETFIE
; end of _interrupt
_Delay_1us:
;__Lib_Delays.c,7 :: 		void Delay_1us() {
;__Lib_Delays.c,8 :: 		Delay_us(1);
0x001B	0x0000      	NOP
0x001C	0x0000      	NOP
0x001D	0x0000      	NOP
0x001E	0x0000      	NOP
;__Lib_Delays.c,9 :: 		}
L_end_Delay_1us:
0x001F	0x0008      	RETURN
; end of _Delay_1us
_Delay_5500us:
;__Lib_Delays.c,31 :: 		void Delay_5500us() {
;__Lib_Delays.c,32 :: 		Delay_us(5500);
0x0020	0x301D      	MOVLW      29
0x0021	0x1283      	BCF        STATUS, 5
0x0022	0x1303      	BCF        STATUS, 6
0x0023	0x00FC      	MOVWF      R12
0x0024	0x3091      	MOVLW      145
0x0025	0x00FD      	MOVWF      R13
L_Delay_5500us5:
0x0026	0x0BFD      	DECFSZ     R13, 1
0x0027	0x2826      	GOTO       L_Delay_5500us5
0x0028	0x0BFC      	DECFSZ     R12, 1
0x0029	0x2826      	GOTO       L_Delay_5500us5
;__Lib_Delays.c,33 :: 		}
L_end_Delay_5500us:
0x002A	0x0008      	RETURN
; end of _Delay_5500us
_Delay_50us:
;__Lib_Delays.c,19 :: 		void Delay_50us() {
;__Lib_Delays.c,20 :: 		Delay_us(50);
0x002B	0x3042      	MOVLW      66
0x002C	0x1283      	BCF        STATUS, 5
0x002D	0x1303      	BCF        STATUS, 6
0x002E	0x00FD      	MOVWF      R13
L_Delay_50us2:
0x002F	0x0BFD      	DECFSZ     R13, 1
0x0030	0x282F      	GOTO       L_Delay_50us2
0x0031	0x0000      	NOP
;__Lib_Delays.c,21 :: 		}
L_end_Delay_50us:
0x0032	0x0008      	RETURN
; end of _Delay_50us
_Lcd_Cmd:
;__Lib_Lcd.c,18 :: 		
;__Lib_Lcd.c,20 :: 		
0x0033	0x1283      	BCF        STATUS, 5
0x0034	0x1703      	BSF        STATUS, 6
0x0035	0x1B94      	BTFSC      FARG_Lcd_Cmd_out_char, 7
0x0036	0x2839      	GOTO       L__Lcd_Cmd21
0x0037	0x1286      	BCF        LCD_D7, BitPos(LCD_D7+0)
0x0038	0x283A      	GOTO       L__Lcd_Cmd22
L__Lcd_Cmd21:
0x0039	0x1686      	BSF        LCD_D7, BitPos(LCD_D7+0)
L__Lcd_Cmd22:
;__Lib_Lcd.c,21 :: 		
0x003A	0x1B14      	BTFSC      FARG_Lcd_Cmd_out_char, 6
0x003B	0x283E      	GOTO       L__Lcd_Cmd23
0x003C	0x1206      	BCF        LCD_D6, BitPos(LCD_D6+0)
0x003D	0x283F      	GOTO       L__Lcd_Cmd24
L__Lcd_Cmd23:
0x003E	0x1606      	BSF        LCD_D6, BitPos(LCD_D6+0)
L__Lcd_Cmd24:
;__Lib_Lcd.c,22 :: 		
0x003F	0x1A94      	BTFSC      FARG_Lcd_Cmd_out_char, 5
0x0040	0x2843      	GOTO       L__Lcd_Cmd25
0x0041	0x1186      	BCF        LCD_D5, BitPos(LCD_D5+0)
0x0042	0x2844      	GOTO       L__Lcd_Cmd26
L__Lcd_Cmd25:
0x0043	0x1586      	BSF        LCD_D5, BitPos(LCD_D5+0)
L__Lcd_Cmd26:
;__Lib_Lcd.c,23 :: 		
0x0044	0x1A14      	BTFSC      FARG_Lcd_Cmd_out_char, 4
0x0045	0x2848      	GOTO       L__Lcd_Cmd27
0x0046	0x1106      	BCF        LCD_D4, BitPos(LCD_D4+0)
0x0047	0x2849      	GOTO       L__Lcd_Cmd28
L__Lcd_Cmd27:
0x0048	0x1506      	BSF        LCD_D4, BitPos(LCD_D4+0)
L__Lcd_Cmd28:
;__Lib_Lcd.c,25 :: 		
0x0049	0x1683      	BSF        STATUS, 5
0x004A	0x1303      	BCF        STATUS, 6
0x004B	0x1868      	BTFSC      __Lib_Lcd_cmd_status, BitPos(__Lib_Lcd_cmd_status+0)
0x004C	0x2850      	GOTO       L__Lcd_Cmd29
0x004D	0x1283      	BCF        STATUS, 5
0x004E	0x1687      	BSF        LCD_RS, BitPos(LCD_RS+0)
0x004F	0x2852      	GOTO       L__Lcd_Cmd30
L__Lcd_Cmd29:
0x0050	0x1283      	BCF        STATUS, 5
0x0051	0x1287      	BCF        LCD_RS, BitPos(LCD_RS+0)
L__Lcd_Cmd30:
;__Lib_Lcd.c,28 :: 		
0x0052	0x1486      	BSF        LCD_EN, BitPos(LCD_EN+0)
;__Lib_Lcd.c,29 :: 		
0x0053	0x201B      	CALL       _Delay_1us
;__Lib_Lcd.c,30 :: 		
0x0054	0x1086      	BCF        LCD_EN, BitPos(LCD_EN+0)
;__Lib_Lcd.c,33 :: 		
0x0055	0x1703      	BSF        STATUS, 6
0x0056	0x1994      	BTFSC      FARG_Lcd_Cmd_out_char, 3
0x0057	0x285A      	GOTO       L__Lcd_Cmd31
0x0058	0x1286      	BCF        LCD_D7, BitPos(LCD_D7+0)
0x0059	0x285B      	GOTO       L__Lcd_Cmd32
L__Lcd_Cmd31:
0x005A	0x1686      	BSF        LCD_D7, BitPos(LCD_D7+0)
L__Lcd_Cmd32:
;__Lib_Lcd.c,34 :: 		
0x005B	0x1914      	BTFSC      FARG_Lcd_Cmd_out_char, 2
0x005C	0x285F      	GOTO       L__Lcd_Cmd33
0x005D	0x1206      	BCF        LCD_D6, BitPos(LCD_D6+0)
0x005E	0x2860      	GOTO       L__Lcd_Cmd34
L__Lcd_Cmd33:
0x005F	0x1606      	BSF        LCD_D6, BitPos(LCD_D6+0)
L__Lcd_Cmd34:
;__Lib_Lcd.c,35 :: 		
0x0060	0x1894      	BTFSC      FARG_Lcd_Cmd_out_char, 1
0x0061	0x2864      	GOTO       L__Lcd_Cmd35
0x0062	0x1186      	BCF        LCD_D5, BitPos(LCD_D5+0)
0x0063	0x2865      	GOTO       L__Lcd_Cmd36
L__Lcd_Cmd35:
0x0064	0x1586      	BSF        LCD_D5, BitPos(LCD_D5+0)
L__Lcd_Cmd36:
;__Lib_Lcd.c,36 :: 		
0x0065	0x1814      	BTFSC      FARG_Lcd_Cmd_out_char, 0
0x0066	0x2869      	GOTO       L__Lcd_Cmd37
0x0067	0x1106      	BCF        LCD_D4, BitPos(LCD_D4+0)
0x0068	0x286A      	GOTO       L__Lcd_Cmd38
L__Lcd_Cmd37:
0x0069	0x1506      	BSF        LCD_D4, BitPos(LCD_D4+0)
L__Lcd_Cmd38:
;__Lib_Lcd.c,38 :: 		
0x006A	0x1683      	BSF        STATUS, 5
0x006B	0x1303      	BCF        STATUS, 6
0x006C	0x1868      	BTFSC      __Lib_Lcd_cmd_status, BitPos(__Lib_Lcd_cmd_status+0)
0x006D	0x2871      	GOTO       L__Lcd_Cmd39
0x006E	0x1283      	BCF        STATUS, 5
0x006F	0x1687      	BSF        LCD_RS, BitPos(LCD_RS+0)
0x0070	0x2873      	GOTO       L__Lcd_Cmd40
L__Lcd_Cmd39:
0x0071	0x1283      	BCF        STATUS, 5
0x0072	0x1287      	BCF        LCD_RS, BitPos(LCD_RS+0)
L__Lcd_Cmd40:
;__Lib_Lcd.c,40 :: 		
0x0073	0x1486      	BSF        LCD_EN, BitPos(LCD_EN+0)
;__Lib_Lcd.c,41 :: 		
0x0074	0x201B      	CALL       _Delay_1us
;__Lib_Lcd.c,42 :: 		
0x0075	0x1086      	BCF        LCD_EN, BitPos(LCD_EN+0)
;__Lib_Lcd.c,44 :: 		
0x0076	0x1683      	BSF        STATUS, 5
0x0077	0x1C68      	BTFSS      __Lib_Lcd_cmd_status, BitPos(__Lib_Lcd_cmd_status+0)
0x0078	0x287B      	GOTO       L_Lcd_Cmd0
;__Lib_Lcd.c,45 :: 		
0x0079	0x2020      	CALL       _Delay_5500us
0x007A	0x287C      	GOTO       L_Lcd_Cmd1
L_Lcd_Cmd0:
;__Lib_Lcd.c,47 :: 		
0x007B	0x202B      	CALL       _Delay_50us
L_Lcd_Cmd1:
;__Lib_Lcd.c,48 :: 		
L_end_Lcd_Cmd:
0x007C	0x0008      	RETURN
; end of _Lcd_Cmd
_Delay_22us:
;__Lib_Delays.c,15 :: 		void Delay_22us() {
;__Lib_Delays.c,16 :: 		Delay_us(22);
0x007D	0x301D      	MOVLW      29
0x007E	0x1283      	BCF        STATUS, 5
0x007F	0x1303      	BCF        STATUS, 6
0x0080	0x00FD      	MOVWF      R13
L_Delay_22us1:
0x0081	0x0BFD      	DECFSZ     R13, 1
0x0082	0x2881      	GOTO       L_Delay_22us1
;__Lib_Delays.c,17 :: 		}
L_end_Delay_22us:
0x0083	0x0008      	RETURN
; end of _Delay_22us
_UART1_Write:
;__Lib_UART_c67.c,39 :: 		
;__Lib_UART_c67.c,40 :: 		
L_UART1_Write3:
0x0084	0x1683      	BSF        STATUS, 5
0x0085	0x1303      	BCF        STATUS, 6
0x0086	0x1898      	BTFSC      TXSTA, 1
0x0087	0x288A      	GOTO       L_UART1_Write4
;__Lib_UART_c67.c,41 :: 		
0x0088	0x0000      	NOP
0x0089	0x2884      	GOTO       L_UART1_Write3
L_UART1_Write4:
;__Lib_UART_c67.c,42 :: 		
0x008A	0x1283      	BCF        STATUS, 5
0x008B	0x1703      	BSF        STATUS, 6
0x008C	0x0813      	MOVF       FARG_UART1_Write_data_, 0
0x008D	0x1303      	BCF        STATUS, 6
0x008E	0x0099      	MOVWF      TXREG
;__Lib_UART_c67.c,43 :: 		
L_end_UART1_Write:
0x008F	0x0008      	RETURN
; end of _UART1_Write
_____DoICP:
;__Lib_System.c,6 :: 		
;__Lib_System.c,9 :: 		
0x0090	0x1683      	BSF        STATUS, 5
0x0091	0x1303      	BCF        STATUS, 6
0x0092	0x085F      	MOVF       ___DoICPAddr+1, 0
0x0093	0x008A      	MOVWF      PCLATH
;__Lib_System.c,10 :: 		
0x0094	0x085E      	MOVF       ___DoICPAddr, 0
0x0095	0x0082      	MOVWF      PCL
;__Lib_System.c,12 :: 		
L_end_____DoICP:
0x0096	0x0008      	RETURN
; end of _____DoICP
_Lcd_Chr_CP:
;__Lib_Lcd.c,50 :: 		
;__Lib_Lcd.c,52 :: 		
0x0097	0x1683      	BSF        STATUS, 5
0x0098	0x1303      	BCF        STATUS, 6
0x0099	0x1068      	BCF        __Lib_Lcd_cmd_status, BitPos(__Lib_Lcd_cmd_status+0)
;__Lib_Lcd.c,53 :: 		
0x009A	0x1283      	BCF        STATUS, 5
0x009B	0x1703      	BSF        STATUS, 6
0x009C	0x0813      	MOVF       FARG_Lcd_Chr_CP_out_char, 0
0x009D	0x0094      	MOVWF      FARG_Lcd_Cmd_out_char
0x009E	0x2033      	CALL       _Lcd_Cmd
;__Lib_Lcd.c,54 :: 		
0x009F	0x1683      	BSF        STATUS, 5
0x00A0	0x1468      	BSF        __Lib_Lcd_cmd_status, BitPos(__Lib_Lcd_cmd_status+0)
;__Lib_Lcd.c,55 :: 		
L_end_Lcd_Chr_CP:
0x00A1	0x0008      	RETURN
; end of _Lcd_Chr_CP
_ADC_Read:
;__Lib_ADC_A_C.c,68 :: 		
;__Lib_ADC_A_C.c,70 :: 		
0x00A2	0x1283      	BCF        STATUS, 5
0x00A3	0x1303      	BCF        STATUS, 6
0x00A4	0x019F      	CLRF       ADCON0
;__Lib_ADC_A_C.c,71 :: 		
0x00A5	0x30C0      	MOVLW      192
0x00A6	0x049F      	IORWF      ADCON0, 1
;__Lib_ADC_A_C.c,72 :: 		
0x00A7	0x093F      	COMF       _vref_mask, 0
0x00A8	0x00F0      	MOVWF      R0
0x00A9	0x0870      	MOVF       R0, 0
0x00AA	0x1683      	BSF        STATUS, 5
0x00AB	0x059F      	ANDWF      ADCON1, 1
;__Lib_ADC_A_C.c,73 :: 		
0x00AC	0x171F      	BSF        ADCON1, 6
;__Lib_ADC_A_C.c,74 :: 		
0x00AD	0x179F      	BSF        ADCON1, 7
;__Lib_ADC_A_C.c,75 :: 		
0x00AE	0x086E      	MOVF       FARG_ADC_Read_channel, 0
0x00AF	0x00F0      	MOVWF      R0
0x00B0	0x0DF0      	RLF        R0, 1
0x00B1	0x1070      	BCF        R0, 0
0x00B2	0x0DF0      	RLF        R0, 1
0x00B3	0x1070      	BCF        R0, 0
0x00B4	0x0DF0      	RLF        R0, 1
0x00B5	0x1070      	BCF        R0, 0
0x00B6	0x0870      	MOVF       R0, 0
0x00B7	0x1283      	BCF        STATUS, 5
0x00B8	0x049F      	IORWF      ADCON0, 1
;__Lib_ADC_A_C.c,78 :: 		
0x00B9	0x141F      	BSF        ADCON0, 0
;__Lib_ADC_A_C.c,81 :: 		
0x00BA	0x207D      	CALL       _Delay_22us
;__Lib_ADC_A_C.c,84 :: 		
0x00BB	0x151F      	BSF        ADCON0, 2
;__Lib_ADC_A_C.c,87 :: 		
L_ADC_Read2:
0x00BC	0x1D1F      	BTFSS      ADCON0, 2
0x00BD	0x28C0      	GOTO       L_ADC_Read3
;__Lib_ADC_A_C.c,88 :: 		
0x00BE	0x0000      	NOP
0x00BF	0x28BC      	GOTO       L_ADC_Read2
L_ADC_Read3:
;__Lib_ADC_A_C.c,91 :: 		
0x00C0	0x101F      	BCF        ADCON0, 0
;__Lib_ADC_A_C.c,94 :: 		
0x00C1	0x081E      	MOVF       ADRESH, 0
0x00C2	0x00F1      	MOVWF      R0+1
0x00C3	0x01F0      	CLRF       R0
0x00C4	0x1683      	BSF        STATUS, 5
0x00C5	0x081E      	MOVF       ADRESL, 0
0x00C6	0x04F0      	IORWF      R0, 1
0x00C7	0x3000      	MOVLW      0
0x00C8	0x04F1      	IORWF      R0+1, 1
;__Lib_ADC_A_C.c,95 :: 		
L_end_ADC_Read:
0x00C9	0x0008      	RETURN
; end of _ADC_Read
_EEPROM_Write:
;__Lib_EEPROM.c,16 :: 		
;__Lib_EEPROM.c,20 :: 		
L_EEPROM_Write0:
0x00CA	0x1683      	BSF        STATUS, 5
0x00CB	0x1703      	BSF        STATUS, 6
0x00CC	0x1C8C      	BTFSS      EECON1, 1
0x00CD	0x28D0      	GOTO       L_EEPROM_Write1
0x00CE	0x0000      	NOP
0x00CF	0x28CA      	GOTO       L_EEPROM_Write0
L_EEPROM_Write1:
;__Lib_EEPROM.c,21 :: 		
0x00D0	0x1303      	BCF        STATUS, 6
0x00D1	0x086E      	MOVF       FARG_EEPROM_Write_Address, 0
0x00D2	0x1283      	BCF        STATUS, 5
0x00D3	0x1703      	BSF        STATUS, 6
0x00D4	0x008D      	MOVWF      EEADR
;__Lib_EEPROM.c,22 :: 		
0x00D5	0x1683      	BSF        STATUS, 5
0x00D6	0x1303      	BCF        STATUS, 6
0x00D7	0x086F      	MOVF       FARG_EEPROM_Write_data_, 0
0x00D8	0x1283      	BCF        STATUS, 5
0x00D9	0x1703      	BSF        STATUS, 6
0x00DA	0x008C      	MOVWF      EEDATA
;__Lib_EEPROM.c,23 :: 		
0x00DB	0x1683      	BSF        STATUS, 5
0x00DC	0x138C      	BCF        EECON1, 7
;__Lib_EEPROM.c,24 :: 		
0x00DD	0x150C      	BSF        EECON1, 2
;__Lib_EEPROM.c,26 :: 		
0x00DE	0x080B      	MOVF       INTCON, 0
0x00DF	0x00F0      	MOVWF      R0
;__Lib_EEPROM.c,29 :: 		
0x00E0	0x138B      	BCF        INTCON, 7
;__Lib_EEPROM.c,30 :: 		
0x00E1	0x3055      	MOVLW      85
0x00E2	0x008D      	MOVWF      EECON2
;__Lib_EEPROM.c,31 :: 		
0x00E3	0x30AA      	MOVLW      170
0x00E4	0x008D      	MOVWF      EECON2
;__Lib_EEPROM.c,32 :: 		
0x00E5	0x148C      	BSF        EECON1, 1
;__Lib_EEPROM.c,36 :: 		
0x00E6	0x1BF0      	BTFSC      R0, 7
0x00E7	0x28EA      	GOTO       L__EEPROM_Write4
0x00E8	0x138B      	BCF        INTCON, 7
0x00E9	0x28EB      	GOTO       L__EEPROM_Write5
L__EEPROM_Write4:
0x00EA	0x178B      	BSF        INTCON, 7
L__EEPROM_Write5:
;__Lib_EEPROM.c,37 :: 		
0x00EB	0x110C      	BCF        EECON1, 2
;__Lib_EEPROM.c,38 :: 		
L_end_EEPROM_Write:
0x00EC	0x0008      	RETURN
; end of _EEPROM_Write
_UART1_Write_Text:
;__Lib_UART_c67.c,47 :: 		
;__Lib_UART_c67.c,48 :: 		
0x00ED	0x1283      	BCF        STATUS, 5
0x00EE	0x1703      	BSF        STATUS, 6
0x00EF	0x0190      	CLRF       UART1_Write_Text_counter_L0
;__Lib_UART_c67.c,50 :: 		
0x00F0	0x1683      	BSF        STATUS, 5
0x00F1	0x1303      	BCF        STATUS, 6
0x00F2	0x086E      	MOVF       FARG_UART1_Write_Text_uart_text, 0
0x00F3	0x0084      	MOVWF      FSR
0x00F4	0x0800      	MOVF       INDF, 0
0x00F5	0x00EF      	MOVWF      UART1_Write_Text_data__L0
;__Lib_UART_c67.c,51 :: 		
L_UART1_Write_Text5:
0x00F6	0x086F      	MOVF       UART1_Write_Text_data__L0, 0
0x00F7	0x3A00      	XORLW      0
0x00F8	0x1903      	BTFSC      STATUS, 2
0x00F9	0x2909      	GOTO       L_UART1_Write_Text6
;__Lib_UART_c67.c,52 :: 		
0x00FA	0x086F      	MOVF       UART1_Write_Text_data__L0, 0
0x00FB	0x1283      	BCF        STATUS, 5
0x00FC	0x1703      	BSF        STATUS, 6
0x00FD	0x0093      	MOVWF      FARG_UART1_Write_data_
0x00FE	0x2084      	CALL       _UART1_Write
;__Lib_UART_c67.c,53 :: 		
0x00FF	0x1703      	BSF        STATUS, 6
0x0100	0x0A90      	INCF       UART1_Write_Text_counter_L0, 1
;__Lib_UART_c67.c,54 :: 		
0x0101	0x0810      	MOVF       UART1_Write_Text_counter_L0, 0
0x0102	0x1683      	BSF        STATUS, 5
0x0103	0x1303      	BCF        STATUS, 6
0x0104	0x076E      	ADDWF      FARG_UART1_Write_Text_uart_text, 0
0x0105	0x0084      	MOVWF      FSR
0x0106	0x0800      	MOVF       INDF, 0
0x0107	0x00EF      	MOVWF      UART1_Write_Text_data__L0
;__Lib_UART_c67.c,55 :: 		
0x0108	0x28F6      	GOTO       L_UART1_Write_Text5
L_UART1_Write_Text6:
;__Lib_UART_c67.c,56 :: 		
L_end_UART1_Write_Text:
0x0109	0x0008      	RETURN
; end of _UART1_Write_Text
_EEPROM_Read:
;__Lib_EEPROM.c,4 :: 		
;__Lib_EEPROM.c,5 :: 		
0x010A	0x1683      	BSF        STATUS, 5
0x010B	0x1303      	BCF        STATUS, 6
0x010C	0x086E      	MOVF       FARG_EEPROM_Read_Address, 0
0x010D	0x1283      	BCF        STATUS, 5
0x010E	0x1703      	BSF        STATUS, 6
0x010F	0x008D      	MOVWF      EEADR
;__Lib_EEPROM.c,6 :: 		
0x0110	0x1683      	BSF        STATUS, 5
0x0111	0x138C      	BCF        EECON1, 7
;__Lib_EEPROM.c,12 :: 		
0x0112	0x140C      	BSF        EECON1, 0
;__Lib_EEPROM.c,13 :: 		
0x0113	0x1283      	BCF        STATUS, 5
0x0114	0x080C      	MOVF       EEDATA, 0
0x0115	0x00F0      	MOVWF      R0
;__Lib_EEPROM.c,14 :: 		
L_end_EEPROM_Read:
0x0116	0x0008      	RETURN
; end of _EEPROM_Read
_Lcd_Init:
;__Lib_Lcd.c,84 :: 		
;__Lib_Lcd.c,86 :: 		
0x0117	0x1683      	BSF        STATUS, 5
0x0118	0x1303      	BCF        STATUS, 6
0x0119	0x1086      	BCF        LCD_EN_Direction, BitPos(LCD_EN_Direction+0)
;__Lib_Lcd.c,87 :: 		
0x011A	0x1287      	BCF        LCD_RS_Direction, BitPos(LCD_RS_Direction+0)
;__Lib_Lcd.c,88 :: 		
0x011B	0x1106      	BCF        LCD_D4_Direction, BitPos(LCD_D4_Direction+0)
;__Lib_Lcd.c,89 :: 		
0x011C	0x1186      	BCF        LCD_D5_Direction, BitPos(LCD_D5_Direction+0)
;__Lib_Lcd.c,90 :: 		
0x011D	0x1206      	BCF        LCD_D6_Direction, BitPos(LCD_D6_Direction+0)
;__Lib_Lcd.c,91 :: 		
0x011E	0x1286      	BCF        LCD_D7_Direction, BitPos(LCD_D7_Direction+0)
;__Lib_Lcd.c,93 :: 		
0x011F	0x1283      	BCF        STATUS, 5
0x0120	0x1086      	BCF        LCD_EN, BitPos(LCD_EN+0)
;__Lib_Lcd.c,94 :: 		
0x0121	0x1287      	BCF        LCD_RS, BitPos(LCD_RS+0)
;__Lib_Lcd.c,95 :: 		
0x0122	0x1286      	BCF        LCD_D7, BitPos(LCD_D7+0)
;__Lib_Lcd.c,96 :: 		
0x0123	0x1206      	BCF        LCD_D6, BitPos(LCD_D6+0)
;__Lib_Lcd.c,97 :: 		
0x0124	0x1186      	BCF        LCD_D5, BitPos(LCD_D5+0)
;__Lib_Lcd.c,98 :: 		
0x0125	0x1106      	BCF        LCD_D4, BitPos(LCD_D4+0)
;__Lib_Lcd.c,100 :: 		
0x0126	0x2020      	CALL       _Delay_5500us
;__Lib_Lcd.c,101 :: 		
0x0127	0x2020      	CALL       _Delay_5500us
;__Lib_Lcd.c,102 :: 		
0x0128	0x2020      	CALL       _Delay_5500us
;__Lib_Lcd.c,105 :: 		
0x0129	0x1586      	BSF        LCD_D5, BitPos(LCD_D5+0)
;__Lib_Lcd.c,106 :: 		
0x012A	0x1506      	BSF        LCD_D4, BitPos(LCD_D4+0)
;__Lib_Lcd.c,107 :: 		
0x012B	0x1486      	BSF        LCD_EN, BitPos(LCD_EN+0)
;__Lib_Lcd.c,108 :: 		
0x012C	0x201B      	CALL       _Delay_1us
;__Lib_Lcd.c,109 :: 		
0x012D	0x1086      	BCF        LCD_EN, BitPos(LCD_EN+0)
;__Lib_Lcd.c,110 :: 		
0x012E	0x2020      	CALL       _Delay_5500us
;__Lib_Lcd.c,112 :: 		
0x012F	0x1486      	BSF        LCD_EN, BitPos(LCD_EN+0)
;__Lib_Lcd.c,113 :: 		
0x0130	0x201B      	CALL       _Delay_1us
;__Lib_Lcd.c,114 :: 		
0x0131	0x1086      	BCF        LCD_EN, BitPos(LCD_EN+0)
;__Lib_Lcd.c,115 :: 		
0x0132	0x2020      	CALL       _Delay_5500us
;__Lib_Lcd.c,117 :: 		
0x0133	0x1486      	BSF        LCD_EN, BitPos(LCD_EN+0)
;__Lib_Lcd.c,118 :: 		
0x0134	0x201B      	CALL       _Delay_1us
;__Lib_Lcd.c,119 :: 		
0x0135	0x1086      	BCF        LCD_EN, BitPos(LCD_EN+0)
;__Lib_Lcd.c,120 :: 		
0x0136	0x2020      	CALL       _Delay_5500us
;__Lib_Lcd.c,123 :: 		
0x0137	0x1106      	BCF        LCD_D4, BitPos(LCD_D4+0)
;__Lib_Lcd.c,124 :: 		
0x0138	0x1486      	BSF        LCD_EN, BitPos(LCD_EN+0)
;__Lib_Lcd.c,125 :: 		
0x0139	0x201B      	CALL       _Delay_1us
;__Lib_Lcd.c,126 :: 		
0x013A	0x1086      	BCF        LCD_EN, BitPos(LCD_EN+0)
;__Lib_Lcd.c,127 :: 		
0x013B	0x2020      	CALL       _Delay_5500us
;__Lib_Lcd.c,130 :: 		
0x013C	0x1486      	BSF        LCD_EN, BitPos(LCD_EN+0)
;__Lib_Lcd.c,131 :: 		
0x013D	0x201B      	CALL       _Delay_1us
;__Lib_Lcd.c,132 :: 		
0x013E	0x1086      	BCF        LCD_EN, BitPos(LCD_EN+0)
;__Lib_Lcd.c,134 :: 		
0x013F	0x1186      	BCF        LCD_D5, BitPos(LCD_D5+0)
;__Lib_Lcd.c,135 :: 		
0x0140	0x1686      	BSF        LCD_D7, BitPos(LCD_D7+0)
;__Lib_Lcd.c,136 :: 		
0x0141	0x1486      	BSF        LCD_EN, BitPos(LCD_EN+0)
;__Lib_Lcd.c,137 :: 		
0x0142	0x201B      	CALL       _Delay_1us
;__Lib_Lcd.c,138 :: 		
0x0143	0x1086      	BCF        LCD_EN, BitPos(LCD_EN+0)
;__Lib_Lcd.c,139 :: 		
0x0144	0x2020      	CALL       _Delay_5500us
;__Lib_Lcd.c,142 :: 		
0x0145	0x1286      	BCF        LCD_D7, BitPos(LCD_D7+0)
;__Lib_Lcd.c,143 :: 		
0x0146	0x1506      	BSF        LCD_D4, BitPos(LCD_D4+0)
;__Lib_Lcd.c,144 :: 		
0x0147	0x1486      	BSF        LCD_EN, BitPos(LCD_EN+0)
;__Lib_Lcd.c,145 :: 		
0x0148	0x201B      	CALL       _Delay_1us
;__Lib_Lcd.c,146 :: 		
0x0149	0x1086      	BCF        LCD_EN, BitPos(LCD_EN+0)
;__Lib_Lcd.c,148 :: 		
0x014A	0x1106      	BCF        LCD_D4, BitPos(LCD_D4+0)
;__Lib_Lcd.c,149 :: 		
0x014B	0x1486      	BSF        LCD_EN, BitPos(LCD_EN+0)
;__Lib_Lcd.c,150 :: 		
0x014C	0x201B      	CALL       _Delay_1us
;__Lib_Lcd.c,151 :: 		
0x014D	0x1086      	BCF        LCD_EN, BitPos(LCD_EN+0)
;__Lib_Lcd.c,152 :: 		
0x014E	0x2020      	CALL       _Delay_5500us
;__Lib_Lcd.c,155 :: 		
0x014F	0x1486      	BSF        LCD_EN, BitPos(LCD_EN+0)
;__Lib_Lcd.c,156 :: 		
0x0150	0x201B      	CALL       _Delay_1us
;__Lib_Lcd.c,157 :: 		
0x0151	0x1086      	BCF        LCD_EN, BitPos(LCD_EN+0)
;__Lib_Lcd.c,159 :: 		
0x0152	0x1506      	BSF        LCD_D4, BitPos(LCD_D4+0)
;__Lib_Lcd.c,160 :: 		
0x0153	0x1486      	BSF        LCD_EN, BitPos(LCD_EN+0)
;__Lib_Lcd.c,161 :: 		
0x0154	0x201B      	CALL       _Delay_1us
;__Lib_Lcd.c,162 :: 		
0x0155	0x1086      	BCF        LCD_EN, BitPos(LCD_EN+0)
;__Lib_Lcd.c,163 :: 		
0x0156	0x2020      	CALL       _Delay_5500us
;__Lib_Lcd.c,166 :: 		
0x0157	0x1106      	BCF        LCD_D4, BitPos(LCD_D4+0)
;__Lib_Lcd.c,167 :: 		
0x0158	0x1486      	BSF        LCD_EN, BitPos(LCD_EN+0)
;__Lib_Lcd.c,168 :: 		
0x0159	0x201B      	CALL       _Delay_1us
;__Lib_Lcd.c,169 :: 		
0x015A	0x1086      	BCF        LCD_EN, BitPos(LCD_EN+0)
;__Lib_Lcd.c,171 :: 		
0x015B	0x1686      	BSF        LCD_D7, BitPos(LCD_D7+0)
;__Lib_Lcd.c,172 :: 		
0x015C	0x1606      	BSF        LCD_D6, BitPos(LCD_D6+0)
;__Lib_Lcd.c,173 :: 		
0x015D	0x1586      	BSF        LCD_D5, BitPos(LCD_D5+0)
;__Lib_Lcd.c,174 :: 		
0x015E	0x1506      	BSF        LCD_D4, BitPos(LCD_D4+0)
;__Lib_Lcd.c,175 :: 		
0x015F	0x1486      	BSF        LCD_EN, BitPos(LCD_EN+0)
;__Lib_Lcd.c,176 :: 		
0x0160	0x201B      	CALL       _Delay_1us
;__Lib_Lcd.c,177 :: 		
0x0161	0x1086      	BCF        LCD_EN, BitPos(LCD_EN+0)
;__Lib_Lcd.c,179 :: 		
0x0162	0x2020      	CALL       _Delay_5500us
;__Lib_Lcd.c,181 :: 		
0x0163	0x1683      	BSF        STATUS, 5
0x0164	0x1468      	BSF        __Lib_Lcd_cmd_status, BitPos(__Lib_Lcd_cmd_status+0)
;__Lib_Lcd.c,182 :: 		
L_end_Lcd_Init:
0x0165	0x0008      	RETURN
; end of _Lcd_Init
_Lcd_Out:
;__Lib_Lcd.c,184 :: 		
;__Lib_Lcd.c,187 :: 		
0x0166	0x2978      	GOTO       L_Lcd_Out11
;__Lib_Lcd.c,188 :: 		
L_Lcd_Out13:
0x0167	0x3080      	MOVLW      128
0x0168	0x1283      	BCF        STATUS, 5
0x0169	0x1703      	BSF        STATUS, 6
0x016A	0x0090      	MOVWF      FARG_Lcd_Out_row
0x016B	0x298B      	GOTO       L_Lcd_Out12
;__Lib_Lcd.c,189 :: 		
L_Lcd_Out14:
0x016C	0x30C0      	MOVLW      192
0x016D	0x0090      	MOVWF      FARG_Lcd_Out_row
0x016E	0x298B      	GOTO       L_Lcd_Out12
;__Lib_Lcd.c,190 :: 		
L_Lcd_Out15:
0x016F	0x3094      	MOVLW      148
0x0170	0x0090      	MOVWF      FARG_Lcd_Out_row
0x0171	0x298B      	GOTO       L_Lcd_Out12
;__Lib_Lcd.c,191 :: 		
L_Lcd_Out16:
0x0172	0x30D4      	MOVLW      212
0x0173	0x0090      	MOVWF      FARG_Lcd_Out_row
0x0174	0x298B      	GOTO       L_Lcd_Out12
;__Lib_Lcd.c,192 :: 		
L_Lcd_Out17:
0x0175	0x3080      	MOVLW      128
0x0176	0x0090      	MOVWF      FARG_Lcd_Out_row
;__Lib_Lcd.c,193 :: 		
0x0177	0x298B      	GOTO       L_Lcd_Out12
L_Lcd_Out11:
0x0178	0x1283      	BCF        STATUS, 5
0x0179	0x1703      	BSF        STATUS, 6
0x017A	0x0810      	MOVF       FARG_Lcd_Out_row, 0
0x017B	0x3A01      	XORLW      1
0x017C	0x1903      	BTFSC      STATUS, 2
0x017D	0x2967      	GOTO       L_Lcd_Out13
0x017E	0x0810      	MOVF       FARG_Lcd_Out_row, 0
0x017F	0x3A02      	XORLW      2
0x0180	0x1903      	BTFSC      STATUS, 2
0x0181	0x296C      	GOTO       L_Lcd_Out14
0x0182	0x0810      	MOVF       FARG_Lcd_Out_row, 0
0x0183	0x3A03      	XORLW      3
0x0184	0x1903      	BTFSC      STATUS, 2
0x0185	0x296F      	GOTO       L_Lcd_Out15
0x0186	0x0810      	MOVF       FARG_Lcd_Out_row, 0
0x0187	0x3A04      	XORLW      4
0x0188	0x1903      	BTFSC      STATUS, 2
0x0189	0x2972      	GOTO       L_Lcd_Out16
0x018A	0x2975      	GOTO       L_Lcd_Out17
L_Lcd_Out12:
;__Lib_Lcd.c,194 :: 		
0x018B	0x0311      	DECF       FARG_Lcd_Out_column, 0
0x018C	0x00F0      	MOVWF      R0
0x018D	0x0810      	MOVF       FARG_Lcd_Out_row, 0
0x018E	0x07F0      	ADDWF      R0, 1
0x018F	0x0870      	MOVF       R0, 0
0x0190	0x0090      	MOVWF      FARG_Lcd_Out_row
;__Lib_Lcd.c,196 :: 		
0x0191	0x0870      	MOVF       R0, 0
0x0192	0x0094      	MOVWF      FARG_Lcd_Cmd_out_char
0x0193	0x2033      	CALL       _Lcd_Cmd
;__Lib_Lcd.c,197 :: 		
0x0194	0x1683      	BSF        STATUS, 5
0x0195	0x1068      	BCF        __Lib_Lcd_cmd_status, BitPos(__Lib_Lcd_cmd_status+0)
;__Lib_Lcd.c,198 :: 		
0x0196	0x01EE      	CLRF       Lcd_Out_i_L0
;__Lib_Lcd.c,199 :: 		
L_Lcd_Out18:
0x0197	0x086E      	MOVF       Lcd_Out_i_L0, 0
0x0198	0x1283      	BCF        STATUS, 5
0x0199	0x1703      	BSF        STATUS, 6
0x019A	0x0712      	ADDWF      FARG_Lcd_Out_text, 0
0x019B	0x0084      	MOVWF      FSR
0x019C	0x0800      	MOVF       INDF, 0
0x019D	0x1903      	BTFSC      STATUS, 2
0x019E	0x29AB      	GOTO       L_Lcd_Out19
;__Lib_Lcd.c,200 :: 		
0x019F	0x1683      	BSF        STATUS, 5
0x01A0	0x1303      	BCF        STATUS, 6
0x01A1	0x086E      	MOVF       Lcd_Out_i_L0, 0
0x01A2	0x1283      	BCF        STATUS, 5
0x01A3	0x1703      	BSF        STATUS, 6
0x01A4	0x0712      	ADDWF      FARG_Lcd_Out_text, 0
0x01A5	0x0084      	MOVWF      FSR
0x01A6	0x0800      	MOVF       INDF, 0
0x01A7	0x0093      	MOVWF      FARG_Lcd_Chr_CP_out_char
0x01A8	0x2097      	CALL       _Lcd_Chr_CP
0x01A9	0x0AEE      	INCF       Lcd_Out_i_L0, 1
0x01AA	0x2997      	GOTO       L_Lcd_Out18
L_Lcd_Out19:
0x01AB	0x1683      	BSF        STATUS, 5
0x01AC	0x1303      	BCF        STATUS, 6
;__Lib_Lcd.c,201 :: 		
0x01AD	0x1468      	BSF        __Lib_Lcd_cmd_status, BitPos(__Lib_Lcd_cmd_status+0)
;__Lib_Lcd.c,202 :: 		
L_end_Lcd_Out:
0x01AE	0x0008      	RETURN
; end of _Lcd_Out
_Move_Delay:
;projet_gestion_appels_infirmiers.c,30 :: 		void Move_Delay() {                  // Function used for timing
;projet_gestion_appels_infirmiers.c,31 :: 		Delay_ms(1000);
0x01AF	0x3015      	MOVLW      21
0x01B0	0x1283      	BCF        STATUS, 5
0x01B1	0x1303      	BCF        STATUS, 6
0x01B2	0x00FB      	MOVWF      R11
0x01B3	0x304B      	MOVLW      75
0x01B4	0x00FC      	MOVWF      R12
0x01B5	0x30BE      	MOVLW      190
0x01B6	0x00FD      	MOVWF      R13
L_Move_Delay0:
0x01B7	0x0BFD      	DECFSZ     R13, 1
0x01B8	0x29B7      	GOTO       L_Move_Delay0
0x01B9	0x0BFC      	DECFSZ     R12, 1
0x01BA	0x29B7      	GOTO       L_Move_Delay0
0x01BB	0x0BFB      	DECFSZ     R11, 1
0x01BC	0x29B7      	GOTO       L_Move_Delay0
0x01BD	0x0000      	NOP
;projet_gestion_appels_infirmiers.c,32 :: 		}
L_end_Move_Delay:
0x01BE	0x0008      	RETURN
; end of _Move_Delay
___CC2DW:
;__Lib_System.c,134 :: 		
;__Lib_System.c,137 :: 		
_CC2D_Loop1:
;__Lib_System.c,139 :: 		
0x01BF	0x2090      	CALL       _____DoICP
0x01C0	0x118A      	BCF        PCLATH, 3
0x01C1	0x120A      	BCF        PCLATH, 4
;__Lib_System.c,141 :: 		
0x01C2	0x0080      	MOVWF      INDF
;__Lib_System.c,142 :: 		
0x01C3	0x0A84      	INCF       FSR, 1
;__Lib_System.c,143 :: 		
0x01C4	0x0ADE      	INCF       ___DoICPAddr, 1
;__Lib_System.c,145 :: 		
0x01C5	0x1903      	BTFSC      STATUS, 2
;__Lib_System.c,146 :: 		
0x01C6	0x0ADF      	INCF       ___DoICPAddr+1, 1
;__Lib_System.c,147 :: 		
0x01C7	0x03F0      	DECF       R0, 1
;__Lib_System.c,149 :: 		
0x01C8	0x1D03      	BTFSS      STATUS, 2
;__Lib_System.c,150 :: 		
0x01C9	0x29BF      	GOTO       _CC2D_Loop1
;__Lib_System.c,152 :: 		
L_end___CC2DW:
0x01CA	0x0008      	RETURN
; end of ___CC2DW
_UART1_Init:
;__Lib_UART_c67.c,2 :: 		
;__Lib_UART_c67.c,5 :: 		
0x01CB	0x1683      	BSF        STATUS, 5
0x01CC	0x1303      	BCF        STATUS, 6
0x01CD	0x1698      	BSF        TXSTA, 5
;__Lib_UART_c67.c,6 :: 		
0x01CE	0x3090      	MOVLW      144
0x01CF	0x1283      	BCF        STATUS, 5
0x01D0	0x0098      	MOVWF      RCSTA
;__Lib_UART_c67.c,7 :: 		
0x01D1	0x1683      	BSF        STATUS, 5
0x01D2	0x1787      	BSF        TRISC7_bit, BitPos(TRISC7_bit+0)
;__Lib_UART_c67.c,8 :: 		
0x01D3	0x1307      	BCF        TRISC6_bit, BitPos(TRISC6_bit+0)
;__Lib_UART_c67.c,10 :: 		
L_UART1_Init0:
0x01D4	0x1283      	BCF        STATUS, 5
0x01D5	0x1E8C      	BTFSS      PIR1, 5
0x01D6	0x29DA      	GOTO       L_UART1_Init1
;__Lib_UART_c67.c,11 :: 		
0x01D7	0x081A      	MOVF       RCREG, 0
0x01D8	0x00F0      	MOVWF      R0
0x01D9	0x29D4      	GOTO       L_UART1_Init0
L_UART1_Init1:
;__Lib_UART_c67.c,12 :: 		
L_end_UART1_Init:
0x01DA	0x0008      	RETURN
; end of _UART1_Init
_ADC_Init:
;__Lib_ADC_A_C.c,19 :: 		
;__Lib_ADC_A_C.c,20 :: 		
0x01DB	0x30FF      	MOVLW      _ADC_Get_Sample
0x01DC	0x1683      	BSF        STATUS, 5
0x01DD	0x1303      	BCF        STATUS, 6
0x01DE	0x00E9      	MOVWF      _ADC_Get_Sample_Ptr
0x01DF	0x30FF      	MOVLW      hi_addr(_ADC_Get_Sample)
0x01E0	0x00EA      	MOVWF      _ADC_Get_Sample_Ptr+1
0x01E1	0x30FF      	MOVLW      FARG_ADC_Get_Sample_channel
0x01E2	0x00EB      	MOVWF      _ADC_Get_Sample_Ptr+2
0x01E3	0x30FF      	MOVLW      hi_addr(FARG_ADC_Get_Sample_channel)
;__Lib_ADC_A_C.c,22 :: 		
0x01E4	0x1283      	BCF        STATUS, 5
0x01E5	0x019F      	CLRF       ADCON0
;__Lib_ADC_A_C.c,23 :: 		
0x01E6	0x30C0      	MOVLW      192
0x01E7	0x049F      	IORWF      ADCON0, 1
;__Lib_ADC_A_C.c,24 :: 		
0x01E8	0x093F      	COMF       _vref_mask, 0
0x01E9	0x00F0      	MOVWF      R0
0x01EA	0x0870      	MOVF       R0, 0
0x01EB	0x1683      	BSF        STATUS, 5
0x01EC	0x059F      	ANDWF      ADCON1, 1
;__Lib_ADC_A_C.c,25 :: 		
0x01ED	0x171F      	BSF        ADCON1, 6
;__Lib_ADC_A_C.c,26 :: 		
0x01EE	0x179F      	BSF        ADCON1, 7
;__Lib_ADC_A_C.c,29 :: 		
0x01EF	0x1283      	BCF        STATUS, 5
0x01F0	0x141F      	BSF        ADCON0, 0
;__Lib_ADC_A_C.c,30 :: 		
L_end_ADC_Init:
0x01F1	0x0008      	RETURN
; end of _ADC_Init
_main:
0x01F2	0x24EE      	CALL       1262
;projet_gestion_appels_infirmiers.c,46 :: 		void main() { UART1_Init(9615);
0x01F3	0x3067      	MOVLW      103
0x01F4	0x1683      	BSF        STATUS, 5
0x01F5	0x1303      	BCF        STATUS, 6
0x01F6	0x0099      	MOVWF      SPBRG
0x01F7	0x1518      	BSF        TXSTA, 2
0x01F8	0x21CB      	CALL       _UART1_Init
;projet_gestion_appels_infirmiers.c,49 :: 		trisa=0xFF;
0x01F9	0x30FF      	MOVLW      255
0x01FA	0x1683      	BSF        STATUS, 5
0x01FB	0x0085      	MOVWF      TRISA
;projet_gestion_appels_infirmiers.c,50 :: 		porta=0x00;
0x01FC	0x1283      	BCF        STATUS, 5
0x01FD	0x0185      	CLRF       PORTA
;projet_gestion_appels_infirmiers.c,51 :: 		trise=0x07;
0x01FE	0x3007      	MOVLW      7
0x01FF	0x1683      	BSF        STATUS, 5
0x0200	0x0089      	MOVWF      TRISE
;projet_gestion_appels_infirmiers.c,52 :: 		porte=0x00;
0x0201	0x1283      	BCF        STATUS, 5
0x0202	0x0189      	CLRF       PORTE
;projet_gestion_appels_infirmiers.c,53 :: 		trisb = 0x01;
0x0203	0x3001      	MOVLW      1
0x0204	0x1683      	BSF        STATUS, 5
0x0205	0x0086      	MOVWF      TRISB
;projet_gestion_appels_infirmiers.c,54 :: 		portb=0x00;            // PORTS B EN SORTIE
0x0206	0x1283      	BCF        STATUS, 5
0x0207	0x0186      	CLRF       PORTB
;projet_gestion_appels_infirmiers.c,55 :: 		trisd=0x00;
0x0208	0x1683      	BSF        STATUS, 5
0x0209	0x0188      	CLRF       TRISD
;projet_gestion_appels_infirmiers.c,57 :: 		portd=0x00;              // PORTS D EN SORTIE
0x020A	0x1283      	BCF        STATUS, 5
0x020B	0x0188      	CLRF       PORTD
;projet_gestion_appels_infirmiers.c,58 :: 		trisc=0x8F;              // PORTS (0 à 3) EN TANT QUE DES ENTREES DES BOUTTONS
0x020C	0x308F      	MOVLW      143
0x020D	0x1683      	BSF        STATUS, 5
0x020E	0x0087      	MOVWF      TRISC
;projet_gestion_appels_infirmiers.c,59 :: 		portc=0x00;
0x020F	0x1283      	BCF        STATUS, 5
0x0210	0x0187      	CLRF       PORTC
;projet_gestion_appels_infirmiers.c,64 :: 		a=0x00;
0x0211	0x1683      	BSF        STATUS, 5
0x0212	0x01E0      	CLRF       _a
0x0213	0x01E1      	CLRF       _a+1
;projet_gestion_appels_infirmiers.c,65 :: 		b=0x00;
0x0214	0x01E6      	CLRF       _b
0x0215	0x01E7      	CLRF       _b+1
;projet_gestion_appels_infirmiers.c,66 :: 		x=0x00;
0x0216	0x01E4      	CLRF       _x
0x0217	0x01E5      	CLRF       _x+1
;projet_gestion_appels_infirmiers.c,67 :: 		y=0x00;
0x0218	0x01E2      	CLRF       _y
0x0219	0x01E3      	CLRF       _y+1
;projet_gestion_appels_infirmiers.c,68 :: 		t=0x00;
0x021A	0x01DC      	CLRF       _t
0x021B	0x01DD      	CLRF       _t+1
;projet_gestion_appels_infirmiers.c,69 :: 		heart=0x00;
0x021C	0x01D2      	CLRF       _heart
0x021D	0x01D3      	CLRF       _heart+1
;projet_gestion_appels_infirmiers.c,70 :: 		heartt=0x00;
0x021E	0x01D0      	CLRF       _heartt
0x021F	0x01D1      	CLRF       _heartt+1
;projet_gestion_appels_infirmiers.c,71 :: 		hearttt=0x00;
0x0220	0x01CE      	CLRF       _hearttt
0x0221	0x01CF      	CLRF       _hearttt+1
;projet_gestion_appels_infirmiers.c,72 :: 		heartttt=0x00;
0x0222	0x01D4      	CLRF       _heartttt
0x0223	0x01D5      	CLRF       _heartttt+1
;projet_gestion_appels_infirmiers.c,73 :: 		rate=0x00;
0x0224	0x01DA      	CLRF       _rate
0x0225	0x01DB      	CLRF       _rate+1
;projet_gestion_appels_infirmiers.c,75 :: 		ADC_Init();
0x0226	0x21DB      	CALL       _ADC_Init
;projet_gestion_appels_infirmiers.c,77 :: 		Lcd_Init();                          // INITIALISATION DE LCD
0x0227	0x2117      	CALL       _Lcd_Init
;projet_gestion_appels_infirmiers.c,78 :: 		Lcd_Cmd(_LCD_CLEAR);
0x0228	0x3001      	MOVLW      1
0x0229	0x1283      	BCF        STATUS, 5
0x022A	0x1703      	BSF        STATUS, 6
0x022B	0x0094      	MOVWF      FARG_Lcd_Cmd_out_char
0x022C	0x2033      	CALL       _Lcd_Cmd
;projet_gestion_appels_infirmiers.c,79 :: 		Lcd_Cmd(_LCD_CURSOR_OFF);
0x022D	0x300C      	MOVLW      12
0x022E	0x1703      	BSF        STATUS, 6
0x022F	0x0094      	MOVWF      FARG_Lcd_Cmd_out_char
0x0230	0x2033      	CALL       _Lcd_Cmd
;projet_gestion_appels_infirmiers.c,82 :: 		EEPROM_Write(0x0F,0x52);               // Write some data at address 15
0x0231	0x300F      	MOVLW      15
0x0232	0x1683      	BSF        STATUS, 5
0x0233	0x00EE      	MOVWF      FARG_EEPROM_Write_Address
0x0234	0x3052      	MOVLW      82
0x0235	0x00EF      	MOVWF      FARG_EEPROM_Write_data_
0x0236	0x20CA      	CALL       _EEPROM_Write
;projet_gestion_appels_infirmiers.c,83 :: 		EEPROM_Write(0x1F,0x3E);               // Write some data at address 31
0x0237	0x301F      	MOVLW      31
0x0238	0x1303      	BCF        STATUS, 6
0x0239	0x00EE      	MOVWF      FARG_EEPROM_Write_Address
0x023A	0x303E      	MOVLW      62
0x023B	0x00EF      	MOVWF      FARG_EEPROM_Write_data_
0x023C	0x20CA      	CALL       _EEPROM_Write
;projet_gestion_appels_infirmiers.c,85 :: 		OPTION_REG.INTEDG=1;
0x023D	0x1701      	BSF        OPTION_REG, 6
;projet_gestion_appels_infirmiers.c,86 :: 		INTCON.GIE=1;
0x023E	0x178B      	BSF        INTCON, 7
;projet_gestion_appels_infirmiers.c,87 :: 		INTCON.INTE=1;
0x023F	0x160B      	BSF        INTCON, 4
;projet_gestion_appels_infirmiers.c,88 :: 		INTCON.RBIF=1;
0x0240	0x140B      	BSF        INTCON, 0
;projet_gestion_appels_infirmiers.c,91 :: 		INTCON.INTF=0;
0x0241	0x108B      	BCF        INTCON, 1
;projet_gestion_appels_infirmiers.c,94 :: 		for(;;)
L_main2:
0x0242	0x1683      	BSF        STATUS, 5
;projet_gestion_appels_infirmiers.c,96 :: 		MAXI=EEPROM_Read(0x0F);
0x0243	0x300F      	MOVLW      15
0x0244	0x1303      	BCF        STATUS, 6
0x0245	0x00EE      	MOVWF      FARG_EEPROM_Read_Address
0x0246	0x210A      	CALL       _EEPROM_Read
0x0247	0x0870      	MOVF       R0, 0
0x0248	0x1683      	BSF        STATUS, 5
0x0249	0x1303      	BCF        STATUS, 6
0x024A	0x00D8      	MOVWF      _MAXI
0x024B	0x01D9      	CLRF       _MAXI+1
;projet_gestion_appels_infirmiers.c,97 :: 		MINI=EEPROM_Read(0x1F);
0x024C	0x301F      	MOVLW      31
0x024D	0x00EE      	MOVWF      FARG_EEPROM_Read_Address
0x024E	0x210A      	CALL       _EEPROM_Read
0x024F	0x0870      	MOVF       R0, 0
0x0250	0x1683      	BSF        STATUS, 5
0x0251	0x1303      	BCF        STATUS, 6
0x0252	0x00D6      	MOVWF      _MINI
0x0253	0x01D7      	CLRF       _MINI+1
;projet_gestion_appels_infirmiers.c,99 :: 		a=ADC_Read(0);               //STOCKER LE SIGNAL ANALOGIQUE RECU LORS DE RA0 SOUS FORME NUMERIQUE DANS a
0x0254	0x01EE      	CLRF       FARG_ADC_Read_channel
0x0255	0x20A2      	CALL       _ADC_Read
0x0256	0x0870      	MOVF       R0, 0
0x0257	0x00E0      	MOVWF      _a
0x0258	0x0871      	MOVF       R0+1, 0
0x0259	0x00E1      	MOVWF      _a+1
;projet_gestion_appels_infirmiers.c,100 :: 		b=ADC_Read(1);               //STOCKER LE SIGNAL ANALOGIQUE RECU LORS DE RA1 SOUS FORME NUMERIQUE DANS b
0x025A	0x3001      	MOVLW      1
0x025B	0x00EE      	MOVWF      FARG_ADC_Read_channel
0x025C	0x20A2      	CALL       _ADC_Read
0x025D	0x0870      	MOVF       R0, 0
0x025E	0x00E6      	MOVWF      _b
0x025F	0x0871      	MOVF       R0+1, 0
0x0260	0x00E7      	MOVWF      _b+1
;projet_gestion_appels_infirmiers.c,101 :: 		x=ADC_Read(2);               //STOCKER LE SIGNAL ANALOGIQUE RECU LORS DE RA2 SOUS FORME NUMERIQUE DANS c
0x0261	0x3002      	MOVLW      2
0x0262	0x00EE      	MOVWF      FARG_ADC_Read_channel
0x0263	0x20A2      	CALL       _ADC_Read
0x0264	0x0870      	MOVF       R0, 0
0x0265	0x00E4      	MOVWF      _x
0x0266	0x0871      	MOVF       R0+1, 0
0x0267	0x00E5      	MOVWF      _x+1
;projet_gestion_appels_infirmiers.c,102 :: 		y=ADC_Read(3);               //STOCKER LE SIGNAL ANALOGIQUE RECU LORS DE RA3 SOUS FORME NUMERIQUE DANS d
0x0268	0x3003      	MOVLW      3
0x0269	0x00EE      	MOVWF      FARG_ADC_Read_channel
0x026A	0x20A2      	CALL       _ADC_Read
0x026B	0x0870      	MOVF       R0, 0
0x026C	0x00E2      	MOVWF      _y
0x026D	0x0871      	MOVF       R0+1, 0
0x026E	0x00E3      	MOVWF      _y+1
;projet_gestion_appels_infirmiers.c,103 :: 		heart=ADC_Read(4);           //STOCKER LE SIGNAL ANALOGIQUE RECU LORS DE RA5 SOUS FORME NUMERIQUE DANS heart
0x026F	0x3004      	MOVLW      4
0x0270	0x00EE      	MOVWF      FARG_ADC_Read_channel
0x0271	0x20A2      	CALL       _ADC_Read
0x0272	0x0870      	MOVF       R0, 0
0x0273	0x00D2      	MOVWF      _heart
0x0274	0x0871      	MOVF       R0+1, 0
0x0275	0x00D3      	MOVWF      _heart+1
;projet_gestion_appels_infirmiers.c,104 :: 		heartt=ADC_Read(5);          //STOCKER LE SIGNAL ANALOGIQUE RECU LORS DE RE0 SOUS FORME NUMERIQUE DANS heartt
0x0276	0x3005      	MOVLW      5
0x0277	0x00EE      	MOVWF      FARG_ADC_Read_channel
0x0278	0x20A2      	CALL       _ADC_Read
0x0279	0x0870      	MOVF       R0, 0
0x027A	0x00D0      	MOVWF      _heartt
0x027B	0x0871      	MOVF       R0+1, 0
0x027C	0x00D1      	MOVWF      _heartt+1
;projet_gestion_appels_infirmiers.c,105 :: 		hearttt=ADC_Read(6);         //STOCKER LE SIGNAL ANALOGIQUE RECU LORS DE RE1 SOUS FORME NUMERIQUE DANS hearttt
0x027D	0x3006      	MOVLW      6
0x027E	0x00EE      	MOVWF      FARG_ADC_Read_channel
0x027F	0x20A2      	CALL       _ADC_Read
0x0280	0x0870      	MOVF       R0, 0
0x0281	0x00CE      	MOVWF      _hearttt
0x0282	0x0871      	MOVF       R0+1, 0
0x0283	0x00CF      	MOVWF      _hearttt+1
;projet_gestion_appels_infirmiers.c,106 :: 		heartttt=ADC_Read(7);        //STOCKER LE SIGNAL ANALOGIQUE RECU LORS DE RE2 SOUS FORME NUMERIQUE DANS heartttt
0x0284	0x3007      	MOVLW      7
0x0285	0x00EE      	MOVWF      FARG_ADC_Read_channel
0x0286	0x20A2      	CALL       _ADC_Read
0x0287	0x0870      	MOVF       R0, 0
0x0288	0x00D4      	MOVWF      _heartttt
0x0289	0x0871      	MOVF       R0+1, 0
0x028A	0x00D5      	MOVWF      _heartttt+1
;projet_gestion_appels_infirmiers.c,107 :: 		rate=0b100110011;
0x028B	0x3033      	MOVLW      51
0x028C	0x00DA      	MOVWF      _rate
0x028D	0x3001      	MOVLW      1
0x028E	0x00DB      	MOVWF      _rate+1
;projet_gestion_appels_infirmiers.c,109 :: 		if(INTCON.T0IF == 1)
0x028F	0x1D0B      	BTFSS      INTCON, 2
0x0290	0x2A92      	GOTO       L_main5
;projet_gestion_appels_infirmiers.c,112 :: 		INTCON.T0IF = 0;
0x0291	0x110B      	BCF        INTCON, 2
;projet_gestion_appels_infirmiers.c,113 :: 		}
L_main5:
;projet_gestion_appels_infirmiers.c,118 :: 		if(porta.ra5==0 && portc.rc0 == 0 && portc.rc1 == 0 && portc.rc2 == 0 && portc.rc3 == 0 && a<MAXI && a>MINI && b<MAXI && b>MINI && x<MAXI && x>MINI && y<MAXI && y>MINI && heart>rate && heartt>rate && hearttt>rate && heartttt>rate)
0x0292	0x1283      	BCF        STATUS, 5
0x0293	0x1A85      	BTFSC      PORTA, 5
0x0294	0x2B08      	GOTO       L_main8
0x0295	0x1807      	BTFSC      PORTC, 0
0x0296	0x2B08      	GOTO       L_main8
0x0297	0x1887      	BTFSC      PORTC, 1
0x0298	0x2B08      	GOTO       L_main8
0x0299	0x1907      	BTFSC      PORTC, 2
0x029A	0x2B08      	GOTO       L_main8
0x029B	0x1987      	BTFSC      PORTC, 3
0x029C	0x2B08      	GOTO       L_main8
0x029D	0x1683      	BSF        STATUS, 5
0x029E	0x0859      	MOVF       _MAXI+1, 0
0x029F	0x0261      	SUBWF      _a+1, 0
0x02A0	0x1D03      	BTFSS      STATUS, 2
0x02A1	0x2AA4      	GOTO       L__main43
0x02A2	0x0858      	MOVF       _MAXI, 0
0x02A3	0x0260      	SUBWF      _a, 0
L__main43:
0x02A4	0x1803      	BTFSC      STATUS, 0
0x02A5	0x2B08      	GOTO       L_main8
0x02A6	0x0861      	MOVF       _a+1, 0
0x02A7	0x0257      	SUBWF      _MINI+1, 0
0x02A8	0x1D03      	BTFSS      STATUS, 2
0x02A9	0x2AAC      	GOTO       L__main44
0x02AA	0x0860      	MOVF       _a, 0
0x02AB	0x0256      	SUBWF      _MINI, 0
L__main44:
0x02AC	0x1803      	BTFSC      STATUS, 0
0x02AD	0x2B08      	GOTO       L_main8
0x02AE	0x0859      	MOVF       _MAXI+1, 0
0x02AF	0x0267      	SUBWF      _b+1, 0
0x02B0	0x1D03      	BTFSS      STATUS, 2
0x02B1	0x2AB4      	GOTO       L__main45
0x02B2	0x0858      	MOVF       _MAXI, 0
0x02B3	0x0266      	SUBWF      _b, 0
L__main45:
0x02B4	0x1803      	BTFSC      STATUS, 0
0x02B5	0x2B08      	GOTO       L_main8
0x02B6	0x0867      	MOVF       _b+1, 0
0x02B7	0x0257      	SUBWF      _MINI+1, 0
0x02B8	0x1D03      	BTFSS      STATUS, 2
0x02B9	0x2ABC      	GOTO       L__main46
0x02BA	0x0866      	MOVF       _b, 0
0x02BB	0x0256      	SUBWF      _MINI, 0
L__main46:
0x02BC	0x1803      	BTFSC      STATUS, 0
0x02BD	0x2B08      	GOTO       L_main8
0x02BE	0x0859      	MOVF       _MAXI+1, 0
0x02BF	0x0265      	SUBWF      _x+1, 0
0x02C0	0x1D03      	BTFSS      STATUS, 2
0x02C1	0x2AC4      	GOTO       L__main47
0x02C2	0x0858      	MOVF       _MAXI, 0
0x02C3	0x0264      	SUBWF      _x, 0
L__main47:
0x02C4	0x1803      	BTFSC      STATUS, 0
0x02C5	0x2B08      	GOTO       L_main8
0x02C6	0x0865      	MOVF       _x+1, 0
0x02C7	0x0257      	SUBWF      _MINI+1, 0
0x02C8	0x1D03      	BTFSS      STATUS, 2
0x02C9	0x2ACC      	GOTO       L__main48
0x02CA	0x0864      	MOVF       _x, 0
0x02CB	0x0256      	SUBWF      _MINI, 0
L__main48:
0x02CC	0x1803      	BTFSC      STATUS, 0
0x02CD	0x2B08      	GOTO       L_main8
0x02CE	0x0859      	MOVF       _MAXI+1, 0
0x02CF	0x0263      	SUBWF      _y+1, 0
0x02D0	0x1D03      	BTFSS      STATUS, 2
0x02D1	0x2AD4      	GOTO       L__main49
0x02D2	0x0858      	MOVF       _MAXI, 0
0x02D3	0x0262      	SUBWF      _y, 0
L__main49:
0x02D4	0x1803      	BTFSC      STATUS, 0
0x02D5	0x2B08      	GOTO       L_main8
0x02D6	0x0863      	MOVF       _y+1, 0
0x02D7	0x0257      	SUBWF      _MINI+1, 0
0x02D8	0x1D03      	BTFSS      STATUS, 2
0x02D9	0x2ADC      	GOTO       L__main50
0x02DA	0x0862      	MOVF       _y, 0
0x02DB	0x0256      	SUBWF      _MINI, 0
L__main50:
0x02DC	0x1803      	BTFSC      STATUS, 0
0x02DD	0x2B08      	GOTO       L_main8
0x02DE	0x0853      	MOVF       _heart+1, 0
0x02DF	0x025B      	SUBWF      _rate+1, 0
0x02E0	0x1D03      	BTFSS      STATUS, 2
0x02E1	0x2AE4      	GOTO       L__main51
0x02E2	0x0852      	MOVF       _heart, 0
0x02E3	0x025A      	SUBWF      _rate, 0
L__main51:
0x02E4	0x1803      	BTFSC      STATUS, 0
0x02E5	0x2B08      	GOTO       L_main8
0x02E6	0x0851      	MOVF       _heartt+1, 0
0x02E7	0x025B      	SUBWF      _rate+1, 0
0x02E8	0x1D03      	BTFSS      STATUS, 2
0x02E9	0x2AEC      	GOTO       L__main52
0x02EA	0x0850      	MOVF       _heartt, 0
0x02EB	0x025A      	SUBWF      _rate, 0
L__main52:
0x02EC	0x1803      	BTFSC      STATUS, 0
0x02ED	0x2B08      	GOTO       L_main8
0x02EE	0x084F      	MOVF       _hearttt+1, 0
0x02EF	0x025B      	SUBWF      _rate+1, 0
0x02F0	0x1D03      	BTFSS      STATUS, 2
0x02F1	0x2AF4      	GOTO       L__main53
0x02F2	0x084E      	MOVF       _hearttt, 0
0x02F3	0x025A      	SUBWF      _rate, 0
L__main53:
0x02F4	0x1803      	BTFSC      STATUS, 0
0x02F5	0x2B08      	GOTO       L_main8
0x02F6	0x0855      	MOVF       _heartttt+1, 0
0x02F7	0x025B      	SUBWF      _rate+1, 0
0x02F8	0x1D03      	BTFSS      STATUS, 2
0x02F9	0x2AFC      	GOTO       L__main54
0x02FA	0x0854      	MOVF       _heartttt, 0
0x02FB	0x025A      	SUBWF      _rate, 0
L__main54:
0x02FC	0x1803      	BTFSC      STATUS, 0
0x02FD	0x2B08      	GOTO       L_main8
L__main38:
;projet_gestion_appels_infirmiers.c,121 :: 		Lcd_Out(1, 3, "ETAT NORMALE");
0x02FE	0x3001      	MOVLW      1
0x02FF	0x1283      	BCF        STATUS, 5
0x0300	0x1703      	BSF        STATUS, 6
0x0301	0x0090      	MOVWF      FARG_Lcd_Out_row
0x0302	0x3003      	MOVLW      3
0x0303	0x0091      	MOVWF      FARG_Lcd_Out_column
0x0304	0x3063      	MOVLW      ?lstr1_projet_gestion_appels_infirmiers
0x0305	0x0092      	MOVWF      FARG_Lcd_Out_text
0x0306	0x2166      	CALL       _Lcd_Out
;projet_gestion_appels_infirmiers.c,128 :: 		}
0x0307	0x2C34      	GOTO       L_main9
L_main8:
;projet_gestion_appels_infirmiers.c,134 :: 		else if(portc.rc0 == 1 && portc.rc1 == 0 && portc.rc2 == 0 && portc.rc3 == 0)
0x0308	0x1283      	BCF        STATUS, 5
0x0309	0x1C07      	BTFSS      PORTC, 0
0x030A	0x2B3A      	GOTO       L_main12
0x030B	0x1887      	BTFSC      PORTC, 1
0x030C	0x2B3A      	GOTO       L_main12
0x030D	0x1907      	BTFSC      PORTC, 2
0x030E	0x2B3A      	GOTO       L_main12
0x030F	0x1987      	BTFSC      PORTC, 3
0x0310	0x2B3A      	GOTO       L_main12
L__main37:
;projet_gestion_appels_infirmiers.c,136 :: 		Lcd_Cmd(_LCD_CLEAR);
0x0311	0x3001      	MOVLW      1
0x0312	0x1703      	BSF        STATUS, 6
0x0313	0x0094      	MOVWF      FARG_Lcd_Cmd_out_char
0x0314	0x2033      	CALL       _Lcd_Cmd
;projet_gestion_appels_infirmiers.c,137 :: 		Lcd_Cmd(_LCD_CURSOR_OFF);
0x0315	0x300C      	MOVLW      12
0x0316	0x1703      	BSF        STATUS, 6
0x0317	0x0094      	MOVWF      FARG_Lcd_Cmd_out_char
0x0318	0x2033      	CALL       _Lcd_Cmd
;projet_gestion_appels_infirmiers.c,138 :: 		Lcd_Out(1, 4, "APPEL DE LA ");
0x0319	0x3001      	MOVLW      1
0x031A	0x1703      	BSF        STATUS, 6
0x031B	0x0090      	MOVWF      FARG_Lcd_Out_row
0x031C	0x3004      	MOVLW      4
0x031D	0x0091      	MOVWF      FARG_Lcd_Out_column
0x031E	0x3056      	MOVLW      ?lstr2_projet_gestion_appels_infirmiers
0x031F	0x0092      	MOVWF      FARG_Lcd_Out_text
0x0320	0x2166      	CALL       _Lcd_Out
;projet_gestion_appels_infirmiers.c,139 :: 		Lcd_Out(2, 5, "CHAMBRE 1");
0x0321	0x3002      	MOVLW      2
0x0322	0x1283      	BCF        STATUS, 5
0x0323	0x1703      	BSF        STATUS, 6
0x0324	0x0090      	MOVWF      FARG_Lcd_Out_row
0x0325	0x3005      	MOVLW      5
0x0326	0x0091      	MOVWF      FARG_Lcd_Out_column
0x0327	0x304C      	MOVLW      ?lstr3_projet_gestion_appels_infirmiers
0x0328	0x0092      	MOVWF      FARG_Lcd_Out_text
0x0329	0x2166      	CALL       _Lcd_Out
;projet_gestion_appels_infirmiers.c,140 :: 		buzzer=1;
0x032A	0x1283      	BCF        STATUS, 5
0x032B	0x1607      	BSF        PORTC, 4
;projet_gestion_appels_infirmiers.c,141 :: 		portd=0xFF;
0x032C	0x30FF      	MOVLW      255
0x032D	0x0088      	MOVWF      PORTD
;projet_gestion_appels_infirmiers.c,142 :: 		Move_Delay() ;
0x032E	0x21AF      	CALL       _Move_Delay
;projet_gestion_appels_infirmiers.c,143 :: 		portd=0x00;
0x032F	0x0188      	CLRF       PORTD
;projet_gestion_appels_infirmiers.c,144 :: 		buzzer=0;
0x0330	0x1207      	BCF        PORTC, 4
;projet_gestion_appels_infirmiers.c,145 :: 		Lcd_Cmd(_LCD_CLEAR);
0x0331	0x3001      	MOVLW      1
0x0332	0x1703      	BSF        STATUS, 6
0x0333	0x0094      	MOVWF      FARG_Lcd_Cmd_out_char
0x0334	0x2033      	CALL       _Lcd_Cmd
;projet_gestion_appels_infirmiers.c,146 :: 		Lcd_Cmd(_LCD_CURSOR_OFF);
0x0335	0x300C      	MOVLW      12
0x0336	0x1703      	BSF        STATUS, 6
0x0337	0x0094      	MOVWF      FARG_Lcd_Cmd_out_char
0x0338	0x2033      	CALL       _Lcd_Cmd
;projet_gestion_appels_infirmiers.c,148 :: 		}
0x0339	0x2C34      	GOTO       L_main13
L_main12:
;projet_gestion_appels_infirmiers.c,153 :: 		else if(portc.rc1 == 1 && portc.rc0 == 0 && portc.rc2 == 0 && portc.rc3 == 0)
0x033A	0x1C87      	BTFSS      PORTC, 1
0x033B	0x2B6B      	GOTO       L_main16
0x033C	0x1807      	BTFSC      PORTC, 0
0x033D	0x2B6B      	GOTO       L_main16
0x033E	0x1907      	BTFSC      PORTC, 2
0x033F	0x2B6B      	GOTO       L_main16
0x0340	0x1987      	BTFSC      PORTC, 3
0x0341	0x2B6B      	GOTO       L_main16
L__main36:
;projet_gestion_appels_infirmiers.c,155 :: 		Lcd_Cmd(_LCD_CLEAR);
0x0342	0x3001      	MOVLW      1
0x0343	0x1703      	BSF        STATUS, 6
0x0344	0x0094      	MOVWF      FARG_Lcd_Cmd_out_char
0x0345	0x2033      	CALL       _Lcd_Cmd
;projet_gestion_appels_infirmiers.c,156 :: 		Lcd_Cmd(_LCD_CURSOR_OFF);
0x0346	0x300C      	MOVLW      12
0x0347	0x1703      	BSF        STATUS, 6
0x0348	0x0094      	MOVWF      FARG_Lcd_Cmd_out_char
0x0349	0x2033      	CALL       _Lcd_Cmd
;projet_gestion_appels_infirmiers.c,157 :: 		Lcd_Out(1, 4, "APPEL DE LA ");
0x034A	0x3001      	MOVLW      1
0x034B	0x1703      	BSF        STATUS, 6
0x034C	0x0090      	MOVWF      FARG_Lcd_Out_row
0x034D	0x3004      	MOVLW      4
0x034E	0x0091      	MOVWF      FARG_Lcd_Out_column
0x034F	0x30A0      	MOVLW      ?lstr4_projet_gestion_appels_infirmiers
0x0350	0x0092      	MOVWF      FARG_Lcd_Out_text
0x0351	0x2166      	CALL       _Lcd_Out
;projet_gestion_appels_infirmiers.c,158 :: 		Lcd_Out(2, 5, "CHAMBRE 2");
0x0352	0x3002      	MOVLW      2
0x0353	0x1283      	BCF        STATUS, 5
0x0354	0x1703      	BSF        STATUS, 6
0x0355	0x0090      	MOVWF      FARG_Lcd_Out_row
0x0356	0x3005      	MOVLW      5
0x0357	0x0091      	MOVWF      FARG_Lcd_Out_column
0x0358	0x30C4      	MOVLW      ?lstr5_projet_gestion_appels_infirmiers
0x0359	0x0092      	MOVWF      FARG_Lcd_Out_text
0x035A	0x2166      	CALL       _Lcd_Out
;projet_gestion_appels_infirmiers.c,159 :: 		buzzer = 1;
0x035B	0x1283      	BCF        STATUS, 5
0x035C	0x1607      	BSF        PORTC, 4
;projet_gestion_appels_infirmiers.c,160 :: 		portd=0x3F;
0x035D	0x303F      	MOVLW      63
0x035E	0x0088      	MOVWF      PORTD
;projet_gestion_appels_infirmiers.c,161 :: 		Move_Delay() ;
0x035F	0x21AF      	CALL       _Move_Delay
;projet_gestion_appels_infirmiers.c,162 :: 		portd=0x00;
0x0360	0x0188      	CLRF       PORTD
;projet_gestion_appels_infirmiers.c,163 :: 		buzzer = 0;
0x0361	0x1207      	BCF        PORTC, 4
;projet_gestion_appels_infirmiers.c,164 :: 		Lcd_Cmd(_LCD_CLEAR);
0x0362	0x3001      	MOVLW      1
0x0363	0x1703      	BSF        STATUS, 6
0x0364	0x0094      	MOVWF      FARG_Lcd_Cmd_out_char
0x0365	0x2033      	CALL       _Lcd_Cmd
;projet_gestion_appels_infirmiers.c,165 :: 		Lcd_Cmd(_LCD_CURSOR_OFF);
0x0366	0x300C      	MOVLW      12
0x0367	0x1703      	BSF        STATUS, 6
0x0368	0x0094      	MOVWF      FARG_Lcd_Cmd_out_char
0x0369	0x2033      	CALL       _Lcd_Cmd
;projet_gestion_appels_infirmiers.c,167 :: 		}
0x036A	0x2C34      	GOTO       L_main17
L_main16:
;projet_gestion_appels_infirmiers.c,172 :: 		else if(portc.rc2 == 1 && portc.rc1 == 0 && portc.rc0 == 0 && portc.rc3 == 0)
0x036B	0x1D07      	BTFSS      PORTC, 2
0x036C	0x2B9C      	GOTO       L_main20
0x036D	0x1887      	BTFSC      PORTC, 1
0x036E	0x2B9C      	GOTO       L_main20
0x036F	0x1807      	BTFSC      PORTC, 0
0x0370	0x2B9C      	GOTO       L_main20
0x0371	0x1987      	BTFSC      PORTC, 3
0x0372	0x2B9C      	GOTO       L_main20
L__main35:
;projet_gestion_appels_infirmiers.c,174 :: 		Lcd_Cmd(_LCD_CLEAR);
0x0373	0x3001      	MOVLW      1
0x0374	0x1703      	BSF        STATUS, 6
0x0375	0x0094      	MOVWF      FARG_Lcd_Cmd_out_char
0x0376	0x2033      	CALL       _Lcd_Cmd
;projet_gestion_appels_infirmiers.c,175 :: 		Lcd_Cmd(_LCD_CURSOR_OFF);
0x0377	0x300C      	MOVLW      12
0x0378	0x1703      	BSF        STATUS, 6
0x0379	0x0094      	MOVWF      FARG_Lcd_Cmd_out_char
0x037A	0x2033      	CALL       _Lcd_Cmd
;projet_gestion_appels_infirmiers.c,176 :: 		Lcd_Out(1, 4, "APPEL DE LA ");
0x037B	0x3001      	MOVLW      1
0x037C	0x1703      	BSF        STATUS, 6
0x037D	0x0090      	MOVWF      FARG_Lcd_Out_row
0x037E	0x3004      	MOVLW      4
0x037F	0x0091      	MOVWF      FARG_Lcd_Out_column
0x0380	0x30B7      	MOVLW      ?lstr6_projet_gestion_appels_infirmiers
0x0381	0x0092      	MOVWF      FARG_Lcd_Out_text
0x0382	0x2166      	CALL       _Lcd_Out
;projet_gestion_appels_infirmiers.c,177 :: 		Lcd_Out(2, 5, "CHAMBRE 3");
0x0383	0x3002      	MOVLW      2
0x0384	0x1283      	BCF        STATUS, 5
0x0385	0x1703      	BSF        STATUS, 6
0x0386	0x0090      	MOVWF      FARG_Lcd_Out_row
0x0387	0x3005      	MOVLW      5
0x0388	0x0091      	MOVWF      FARG_Lcd_Out_column
0x0389	0x30AD      	MOVLW      ?lstr7_projet_gestion_appels_infirmiers
0x038A	0x0092      	MOVWF      FARG_Lcd_Out_text
0x038B	0x2166      	CALL       _Lcd_Out
;projet_gestion_appels_infirmiers.c,178 :: 		buzzer = 1;
0x038C	0x1283      	BCF        STATUS, 5
0x038D	0x1607      	BSF        PORTC, 4
;projet_gestion_appels_infirmiers.c,179 :: 		portd=0x3F;
0x038E	0x303F      	MOVLW      63
0x038F	0x0088      	MOVWF      PORTD
;projet_gestion_appels_infirmiers.c,180 :: 		Move_Delay() ;
0x0390	0x21AF      	CALL       _Move_Delay
;projet_gestion_appels_infirmiers.c,181 :: 		portd=0x00;
0x0391	0x0188      	CLRF       PORTD
;projet_gestion_appels_infirmiers.c,182 :: 		buzzer = 0;
0x0392	0x1207      	BCF        PORTC, 4
;projet_gestion_appels_infirmiers.c,183 :: 		Lcd_Cmd(_LCD_CLEAR);
0x0393	0x3001      	MOVLW      1
0x0394	0x1703      	BSF        STATUS, 6
0x0395	0x0094      	MOVWF      FARG_Lcd_Cmd_out_char
0x0396	0x2033      	CALL       _Lcd_Cmd
;projet_gestion_appels_infirmiers.c,184 :: 		Lcd_Cmd(_LCD_CURSOR_OFF);
0x0397	0x300C      	MOVLW      12
0x0398	0x1703      	BSF        STATUS, 6
0x0399	0x0094      	MOVWF      FARG_Lcd_Cmd_out_char
0x039A	0x2033      	CALL       _Lcd_Cmd
;projet_gestion_appels_infirmiers.c,186 :: 		}
0x039B	0x2C34      	GOTO       L_main21
L_main20:
;projet_gestion_appels_infirmiers.c,191 :: 		else if(portc.rc3 == 1 && portc.rc1 == 0 && portc.rc2 == 0 && portc.rc0 == 0)
0x039C	0x1D87      	BTFSS      PORTC, 3
0x039D	0x2BCD      	GOTO       L_main24
0x039E	0x1887      	BTFSC      PORTC, 1
0x039F	0x2BCD      	GOTO       L_main24
0x03A0	0x1907      	BTFSC      PORTC, 2
0x03A1	0x2BCD      	GOTO       L_main24
0x03A2	0x1807      	BTFSC      PORTC, 0
0x03A3	0x2BCD      	GOTO       L_main24
L__main34:
;projet_gestion_appels_infirmiers.c,193 :: 		Lcd_Cmd(_LCD_CLEAR);
0x03A4	0x3001      	MOVLW      1
0x03A5	0x1703      	BSF        STATUS, 6
0x03A6	0x0094      	MOVWF      FARG_Lcd_Cmd_out_char
0x03A7	0x2033      	CALL       _Lcd_Cmd
;projet_gestion_appels_infirmiers.c,194 :: 		Lcd_Cmd(_LCD_CURSOR_OFF);
0x03A8	0x300C      	MOVLW      12
0x03A9	0x1703      	BSF        STATUS, 6
0x03AA	0x0094      	MOVWF      FARG_Lcd_Cmd_out_char
0x03AB	0x2033      	CALL       _Lcd_Cmd
;projet_gestion_appels_infirmiers.c,195 :: 		Lcd_Out(1, 4, "APPEL DE LA");
0x03AC	0x3001      	MOVLW      1
0x03AD	0x1703      	BSF        STATUS, 6
0x03AE	0x0090      	MOVWF      FARG_Lcd_Out_row
0x03AF	0x3004      	MOVLW      4
0x03B0	0x0091      	MOVWF      FARG_Lcd_Out_column
0x03B1	0x3040      	MOVLW      ?lstr8_projet_gestion_appels_infirmiers
0x03B2	0x0092      	MOVWF      FARG_Lcd_Out_text
0x03B3	0x2166      	CALL       _Lcd_Out
;projet_gestion_appels_infirmiers.c,196 :: 		Lcd_Out(2, 5, "CHAMBRE 4");
0x03B4	0x3002      	MOVLW      2
0x03B5	0x1283      	BCF        STATUS, 5
0x03B6	0x1703      	BSF        STATUS, 6
0x03B7	0x0090      	MOVWF      FARG_Lcd_Out_row
0x03B8	0x3005      	MOVLW      5
0x03B9	0x0091      	MOVWF      FARG_Lcd_Out_column
0x03BA	0x302D      	MOVLW      ?lstr9_projet_gestion_appels_infirmiers
0x03BB	0x0092      	MOVWF      FARG_Lcd_Out_text
0x03BC	0x2166      	CALL       _Lcd_Out
;projet_gestion_appels_infirmiers.c,197 :: 		buzzer = 1;
0x03BD	0x1283      	BCF        STATUS, 5
0x03BE	0x1607      	BSF        PORTC, 4
;projet_gestion_appels_infirmiers.c,198 :: 		portd=0x3F;
0x03BF	0x303F      	MOVLW      63
0x03C0	0x0088      	MOVWF      PORTD
;projet_gestion_appels_infirmiers.c,199 :: 		Move_Delay() ;
0x03C1	0x21AF      	CALL       _Move_Delay
;projet_gestion_appels_infirmiers.c,200 :: 		portd=0x00;
0x03C2	0x0188      	CLRF       PORTD
;projet_gestion_appels_infirmiers.c,201 :: 		buzzer = 0;
0x03C3	0x1207      	BCF        PORTC, 4
;projet_gestion_appels_infirmiers.c,202 :: 		Lcd_Cmd(_LCD_CLEAR);
0x03C4	0x3001      	MOVLW      1
0x03C5	0x1703      	BSF        STATUS, 6
0x03C6	0x0094      	MOVWF      FARG_Lcd_Cmd_out_char
0x03C7	0x2033      	CALL       _Lcd_Cmd
;projet_gestion_appels_infirmiers.c,203 :: 		Lcd_Cmd(_LCD_CURSOR_OFF);
0x03C8	0x300C      	MOVLW      12
0x03C9	0x1703      	BSF        STATUS, 6
0x03CA	0x0094      	MOVWF      FARG_Lcd_Cmd_out_char
0x03CB	0x2033      	CALL       _Lcd_Cmd
;projet_gestion_appels_infirmiers.c,205 :: 		}
0x03CC	0x2C34      	GOTO       L_main25
L_main24:
;projet_gestion_appels_infirmiers.c,209 :: 		else if(a >= 0x52 || a<=0x3E || b >= 0x52 || b <=0x3E || x >= 0x52 || x <=0x3E || y >= 0x52 || y <=0x3E || heart<=rate || heartt<=rate || hearttt<=rate || heartttt<=rate)
0x03CD	0x3000      	MOVLW      0
0x03CE	0x1683      	BSF        STATUS, 5
0x03CF	0x0261      	SUBWF      _a+1, 0
0x03D0	0x1D03      	BTFSS      STATUS, 2
0x03D1	0x2BD4      	GOTO       L__main55
0x03D2	0x3052      	MOVLW      82
0x03D3	0x0260      	SUBWF      _a, 0
L__main55:
0x03D4	0x1803      	BTFSC      STATUS, 0
0x03D5	0x2C2F      	GOTO       L__main33
0x03D6	0x0861      	MOVF       _a+1, 0
0x03D7	0x3C00      	SUBLW      0
0x03D8	0x1D03      	BTFSS      STATUS, 2
0x03D9	0x2BDC      	GOTO       L__main56
0x03DA	0x0860      	MOVF       _a, 0
0x03DB	0x3C3E      	SUBLW      62
L__main56:
0x03DC	0x1803      	BTFSC      STATUS, 0
0x03DD	0x2C2F      	GOTO       L__main33
0x03DE	0x3000      	MOVLW      0
0x03DF	0x0267      	SUBWF      _b+1, 0
0x03E0	0x1D03      	BTFSS      STATUS, 2
0x03E1	0x2BE4      	GOTO       L__main57
0x03E2	0x3052      	MOVLW      82
0x03E3	0x0266      	SUBWF      _b, 0
L__main57:
0x03E4	0x1803      	BTFSC      STATUS, 0
0x03E5	0x2C2F      	GOTO       L__main33
0x03E6	0x0867      	MOVF       _b+1, 0
0x03E7	0x3C00      	SUBLW      0
0x03E8	0x1D03      	BTFSS      STATUS, 2
0x03E9	0x2BEC      	GOTO       L__main58
0x03EA	0x0866      	MOVF       _b, 0
0x03EB	0x3C3E      	SUBLW      62
L__main58:
0x03EC	0x1803      	BTFSC      STATUS, 0
0x03ED	0x2C2F      	GOTO       L__main33
0x03EE	0x3000      	MOVLW      0
0x03EF	0x0265      	SUBWF      _x+1, 0
0x03F0	0x1D03      	BTFSS      STATUS, 2
0x03F1	0x2BF4      	GOTO       L__main59
0x03F2	0x3052      	MOVLW      82
0x03F3	0x0264      	SUBWF      _x, 0
L__main59:
0x03F4	0x1803      	BTFSC      STATUS, 0
0x03F5	0x2C2F      	GOTO       L__main33
0x03F6	0x0865      	MOVF       _x+1, 0
0x03F7	0x3C00      	SUBLW      0
0x03F8	0x1D03      	BTFSS      STATUS, 2
0x03F9	0x2BFC      	GOTO       L__main60
0x03FA	0x0864      	MOVF       _x, 0
0x03FB	0x3C3E      	SUBLW      62
L__main60:
0x03FC	0x1803      	BTFSC      STATUS, 0
0x03FD	0x2C2F      	GOTO       L__main33
0x03FE	0x3000      	MOVLW      0
0x03FF	0x0263      	SUBWF      _y+1, 0
0x0400	0x1D03      	BTFSS      STATUS, 2
0x0401	0x2C04      	GOTO       L__main61
0x0402	0x3052      	MOVLW      82
0x0403	0x0262      	SUBWF      _y, 0
L__main61:
0x0404	0x1803      	BTFSC      STATUS, 0
0x0405	0x2C2F      	GOTO       L__main33
0x0406	0x0863      	MOVF       _y+1, 0
0x0407	0x3C00      	SUBLW      0
0x0408	0x1D03      	BTFSS      STATUS, 2
0x0409	0x2C0C      	GOTO       L__main62
0x040A	0x0862      	MOVF       _y, 0
0x040B	0x3C3E      	SUBLW      62
L__main62:
0x040C	0x1803      	BTFSC      STATUS, 0
0x040D	0x2C2F      	GOTO       L__main33
0x040E	0x0853      	MOVF       _heart+1, 0
0x040F	0x025B      	SUBWF      _rate+1, 0
0x0410	0x1D03      	BTFSS      STATUS, 2
0x0411	0x2C14      	GOTO       L__main63
0x0412	0x0852      	MOVF       _heart, 0
0x0413	0x025A      	SUBWF      _rate, 0
L__main63:
0x0414	0x1803      	BTFSC      STATUS, 0
0x0415	0x2C2F      	GOTO       L__main33
0x0416	0x0851      	MOVF       _heartt+1, 0
0x0417	0x025B      	SUBWF      _rate+1, 0
0x0418	0x1D03      	BTFSS      STATUS, 2
0x0419	0x2C1C      	GOTO       L__main64
0x041A	0x0850      	MOVF       _heartt, 0
0x041B	0x025A      	SUBWF      _rate, 0
L__main64:
0x041C	0x1803      	BTFSC      STATUS, 0
0x041D	0x2C2F      	GOTO       L__main33
0x041E	0x084F      	MOVF       _hearttt+1, 0
0x041F	0x025B      	SUBWF      _rate+1, 0
0x0420	0x1D03      	BTFSS      STATUS, 2
0x0421	0x2C24      	GOTO       L__main65
0x0422	0x084E      	MOVF       _hearttt, 0
0x0423	0x025A      	SUBWF      _rate, 0
L__main65:
0x0424	0x1803      	BTFSC      STATUS, 0
0x0425	0x2C2F      	GOTO       L__main33
0x0426	0x0855      	MOVF       _heartttt+1, 0
0x0427	0x025B      	SUBWF      _rate+1, 0
0x0428	0x1D03      	BTFSS      STATUS, 2
0x0429	0x2C2C      	GOTO       L__main66
0x042A	0x0854      	MOVF       _heartttt, 0
0x042B	0x025A      	SUBWF      _rate, 0
L__main66:
0x042C	0x1803      	BTFSC      STATUS, 0
0x042D	0x2C2F      	GOTO       L__main33
0x042E	0x2C34      	GOTO       L_main28
L__main33:
;projet_gestion_appels_infirmiers.c,211 :: 		portb.rb6=1;
0x042F	0x1283      	BCF        STATUS, 5
0x0430	0x1706      	BSF        PORTB, 6
;projet_gestion_appels_infirmiers.c,212 :: 		buzzer =1;
0x0431	0x1607      	BSF        PORTC, 4
;projet_gestion_appels_infirmiers.c,213 :: 		Move_Delay() ;
0x0432	0x21AF      	CALL       _Move_Delay
;projet_gestion_appels_infirmiers.c,214 :: 		portb.rb6=0;
0x0433	0x1306      	BCF        PORTB, 6
;projet_gestion_appels_infirmiers.c,215 :: 		}
L_main28:
L_main25:
L_main21:
L_main17:
L_main13:
L_main9:
0x0434	0x1283      	BCF        STATUS, 5
;projet_gestion_appels_infirmiers.c,220 :: 		if (flag == 1)
0x0435	0x082C      	MOVF       _flag, 0
0x0436	0x3A01      	XORLW      1
0x0437	0x1D03      	BTFSS      STATUS, 2
0x0438	0x2C69      	GOTO       L_main29
;projet_gestion_appels_infirmiers.c,222 :: 		Lcd_Cmd(_LCD_CLEAR);
0x0439	0x3001      	MOVLW      1
0x043A	0x1703      	BSF        STATUS, 6
0x043B	0x0094      	MOVWF      FARG_Lcd_Cmd_out_char
0x043C	0x2033      	CALL       _Lcd_Cmd
;projet_gestion_appels_infirmiers.c,223 :: 		Lcd_Cmd(_LCD_CURSOR_OFF);
0x043D	0x300C      	MOVLW      12
0x043E	0x1703      	BSF        STATUS, 6
0x043F	0x0094      	MOVWF      FARG_Lcd_Cmd_out_char
0x0440	0x2033      	CALL       _Lcd_Cmd
;projet_gestion_appels_infirmiers.c,224 :: 		while(flag==1)
L_main30:
0x0441	0x082C      	MOVF       _flag, 0
0x0442	0x3A01      	XORLW      1
0x0443	0x1D03      	BTFSS      STATUS, 2
0x0444	0x2C69      	GOTO       L_main31
;projet_gestion_appels_infirmiers.c,226 :: 		Lcd_Out(1, 4, "URGENCE!!!!");
0x0445	0x3001      	MOVLW      1
0x0446	0x1703      	BSF        STATUS, 6
0x0447	0x0090      	MOVWF      FARG_Lcd_Out_row
0x0448	0x3004      	MOVLW      4
0x0449	0x0091      	MOVWF      FARG_Lcd_Out_column
0x044A	0x3020      	MOVLW      ?lstr10_projet_gestion_appels_infirmiers
0x044B	0x0092      	MOVWF      FARG_Lcd_Out_text
0x044C	0x2166      	CALL       _Lcd_Out
;projet_gestion_appels_infirmiers.c,227 :: 		UART1_Write(13);
0x044D	0x300D      	MOVLW      13
0x044E	0x1283      	BCF        STATUS, 5
0x044F	0x1703      	BSF        STATUS, 6
0x0450	0x0093      	MOVWF      FARG_UART1_Write_data_
0x0451	0x2084      	CALL       _UART1_Write
;projet_gestion_appels_infirmiers.c,228 :: 		UART1_Write_Text("Urgence");
0x0452	0x3037      	MOVLW      ?lstr11_projet_gestion_appels_infirmiers
0x0453	0x1683      	BSF        STATUS, 5
0x0454	0x00EE      	MOVWF      FARG_UART1_Write_Text_uart_text
0x0455	0x20ED      	CALL       _UART1_Write_Text
;projet_gestion_appels_infirmiers.c,229 :: 		UART1_Write(13);
0x0456	0x300D      	MOVLW      13
0x0457	0x1283      	BCF        STATUS, 5
0x0458	0x1703      	BSF        STATUS, 6
0x0459	0x0093      	MOVWF      FARG_UART1_Write_data_
0x045A	0x2084      	CALL       _UART1_Write
;projet_gestion_appels_infirmiers.c,230 :: 		Move_Delay();
0x045B	0x21AF      	CALL       _Move_Delay
;projet_gestion_appels_infirmiers.c,231 :: 		if(portb.rb0==0){
0x045C	0x1806      	BTFSC      PORTB, 0
0x045D	0x2C68      	GOTO       L_main32
;projet_gestion_appels_infirmiers.c,232 :: 		flag=0;
0x045E	0x01AC      	CLRF       _flag
;projet_gestion_appels_infirmiers.c,233 :: 		buzzer=0;
0x045F	0x1207      	BCF        PORTC, 4
;projet_gestion_appels_infirmiers.c,234 :: 		Lcd_Cmd(_LCD_CLEAR);
0x0460	0x3001      	MOVLW      1
0x0461	0x1703      	BSF        STATUS, 6
0x0462	0x0094      	MOVWF      FARG_Lcd_Cmd_out_char
0x0463	0x2033      	CALL       _Lcd_Cmd
;projet_gestion_appels_infirmiers.c,235 :: 		Lcd_Cmd(_LCD_CURSOR_OFF);
0x0464	0x300C      	MOVLW      12
0x0465	0x1703      	BSF        STATUS, 6
0x0466	0x0094      	MOVWF      FARG_Lcd_Cmd_out_char
0x0467	0x2033      	CALL       _Lcd_Cmd
;projet_gestion_appels_infirmiers.c,236 :: 		}
L_main32:
;projet_gestion_appels_infirmiers.c,238 :: 		}
0x0468	0x2C41      	GOTO       L_main30
L_main31:
;projet_gestion_appels_infirmiers.c,240 :: 		}
L_main29:
;projet_gestion_appels_infirmiers.c,243 :: 		}}
0x0469	0x2A42      	GOTO       L_main2
L_end_main:
0x046A	0x2C6A      	GOTO       $+0
; end of _main
0x04EE	0x3020      	MOVLW      32
0x04EF	0x0084      	MOVWF      FSR
0x04F0	0x3050      	MOVLW      80
0x04F1	0x1283      	BCF        STATUS, 5
0x04F2	0x1303      	BCF        STATUS, 6
0x04F3	0x00F0      	MOVWF      R0
0x04F4	0x3070      	MOVLW      112
0x04F5	0x1683      	BSF        STATUS, 5
0x04F6	0x00DE      	MOVWF      ___DoICPAddr
0x04F7	0x3004      	MOVLW      4
0x04F8	0x00DF      	MOVWF      223
0x04F9	0x21BF      	CALL       447
0x04FA	0x30A0      	MOVLW      160
0x04FB	0x0084      	MOVWF      FSR
0x04FC	0x302E      	MOVLW      46
0x04FD	0x1283      	BCF        STATUS, 5
0x04FE	0x1303      	BCF        STATUS, 6
0x04FF	0x00F0      	MOVWF      R0
0x0500	0x30C0      	MOVLW      192
0x0501	0x1683      	BSF        STATUS, 5
0x0502	0x00DE      	MOVWF      ___DoICPAddr
0x0503	0x3004      	MOVLW      4
0x0504	0x00DF      	MOVWF      223
0x0505	0x21BF      	CALL       447
0x0506	0x0008      	RETURN
;projet_gestion_appels_infirmiers.c,0 :: ?ICS?lstr10_projet_gestion_appels_infirmiers
0x0470	0x3455 ;?ICS?lstr10_projet_gestion_appels_infirmiers+0
0x0471	0x3452 ;?ICS?lstr10_projet_gestion_appels_infirmiers+1
0x0472	0x3447 ;?ICS?lstr10_projet_gestion_appels_infirmiers+2
0x0473	0x3445 ;?ICS?lstr10_projet_gestion_appels_infirmiers+3
0x0474	0x344E ;?ICS?lstr10_projet_gestion_appels_infirmiers+4
0x0475	0x3443 ;?ICS?lstr10_projet_gestion_appels_infirmiers+5
0x0476	0x3445 ;?ICS?lstr10_projet_gestion_appels_infirmiers+6
0x0477	0x3421 ;?ICS?lstr10_projet_gestion_appels_infirmiers+7
0x0478	0x3421 ;?ICS?lstr10_projet_gestion_appels_infirmiers+8
0x0479	0x3421 ;?ICS?lstr10_projet_gestion_appels_infirmiers+9
0x047A	0x3421 ;?ICS?lstr10_projet_gestion_appels_infirmiers+10
0x047B	0x3400 ;?ICS?lstr10_projet_gestion_appels_infirmiers+11
; end of ?ICS?lstr10_projet_gestion_appels_infirmiers
;projet_gestion_appels_infirmiers.c,0 :: ?ICS_flag
0x047C	0x3400 ;?ICS_flag+0
; end of ?ICS_flag
;projet_gestion_appels_infirmiers.c,0 :: ?ICS?lstr9_projet_gestion_appels_infirmiers
0x047D	0x3443 ;?ICS?lstr9_projet_gestion_appels_infirmiers+0
0x047E	0x3448 ;?ICS?lstr9_projet_gestion_appels_infirmiers+1
0x047F	0x3441 ;?ICS?lstr9_projet_gestion_appels_infirmiers+2
0x0480	0x344D ;?ICS?lstr9_projet_gestion_appels_infirmiers+3
0x0481	0x3442 ;?ICS?lstr9_projet_gestion_appels_infirmiers+4
0x0482	0x3452 ;?ICS?lstr9_projet_gestion_appels_infirmiers+5
0x0483	0x3445 ;?ICS?lstr9_projet_gestion_appels_infirmiers+6
0x0484	0x3420 ;?ICS?lstr9_projet_gestion_appels_infirmiers+7
0x0485	0x3434 ;?ICS?lstr9_projet_gestion_appels_infirmiers+8
0x0486	0x3400 ;?ICS?lstr9_projet_gestion_appels_infirmiers+9
; end of ?ICS?lstr9_projet_gestion_appels_infirmiers
;projet_gestion_appels_infirmiers.c,0 :: ?ICS?lstr11_projet_gestion_appels_infirmiers
0x0487	0x3455 ;?ICS?lstr11_projet_gestion_appels_infirmiers+0
0x0488	0x3472 ;?ICS?lstr11_projet_gestion_appels_infirmiers+1
0x0489	0x3467 ;?ICS?lstr11_projet_gestion_appels_infirmiers+2
0x048A	0x3465 ;?ICS?lstr11_projet_gestion_appels_infirmiers+3
0x048B	0x346E ;?ICS?lstr11_projet_gestion_appels_infirmiers+4
0x048C	0x3463 ;?ICS?lstr11_projet_gestion_appels_infirmiers+5
0x048D	0x3465 ;?ICS?lstr11_projet_gestion_appels_infirmiers+6
0x048E	0x3400 ;?ICS?lstr11_projet_gestion_appels_infirmiers+7
; end of ?ICS?lstr11_projet_gestion_appels_infirmiers
;__Lib_ADC_A_C.c,0 :: ?ICS_vref_mask
0x048F	0x340F ;?ICS_vref_mask+0
; end of ?ICS_vref_mask
;projet_gestion_appels_infirmiers.c,0 :: ?ICS?lstr8_projet_gestion_appels_infirmiers
0x0490	0x3441 ;?ICS?lstr8_projet_gestion_appels_infirmiers+0
0x0491	0x3450 ;?ICS?lstr8_projet_gestion_appels_infirmiers+1
0x0492	0x3450 ;?ICS?lstr8_projet_gestion_appels_infirmiers+2
0x0493	0x3445 ;?ICS?lstr8_projet_gestion_appels_infirmiers+3
0x0494	0x344C ;?ICS?lstr8_projet_gestion_appels_infirmiers+4
0x0495	0x3420 ;?ICS?lstr8_projet_gestion_appels_infirmiers+5
0x0496	0x3444 ;?ICS?lstr8_projet_gestion_appels_infirmiers+6
0x0497	0x3445 ;?ICS?lstr8_projet_gestion_appels_infirmiers+7
0x0498	0x3420 ;?ICS?lstr8_projet_gestion_appels_infirmiers+8
0x0499	0x344C ;?ICS?lstr8_projet_gestion_appels_infirmiers+9
0x049A	0x3441 ;?ICS?lstr8_projet_gestion_appels_infirmiers+10
0x049B	0x3400 ;?ICS?lstr8_projet_gestion_appels_infirmiers+11
; end of ?ICS?lstr8_projet_gestion_appels_infirmiers
;projet_gestion_appels_infirmiers.c,0 :: ?ICS?lstr3_projet_gestion_appels_infirmiers
0x049C	0x3443 ;?ICS?lstr3_projet_gestion_appels_infirmiers+0
0x049D	0x3448 ;?ICS?lstr3_projet_gestion_appels_infirmiers+1
0x049E	0x3441 ;?ICS?lstr3_projet_gestion_appels_infirmiers+2
0x049F	0x344D ;?ICS?lstr3_projet_gestion_appels_infirmiers+3
0x04A0	0x3442 ;?ICS?lstr3_projet_gestion_appels_infirmiers+4
0x04A1	0x3452 ;?ICS?lstr3_projet_gestion_appels_infirmiers+5
0x04A2	0x3445 ;?ICS?lstr3_projet_gestion_appels_infirmiers+6
0x04A3	0x3420 ;?ICS?lstr3_projet_gestion_appels_infirmiers+7
0x04A4	0x3431 ;?ICS?lstr3_projet_gestion_appels_infirmiers+8
0x04A5	0x3400 ;?ICS?lstr3_projet_gestion_appels_infirmiers+9
; end of ?ICS?lstr3_projet_gestion_appels_infirmiers
;projet_gestion_appels_infirmiers.c,0 :: ?ICS?lstr2_projet_gestion_appels_infirmiers
0x04A6	0x3441 ;?ICS?lstr2_projet_gestion_appels_infirmiers+0
0x04A7	0x3450 ;?ICS?lstr2_projet_gestion_appels_infirmiers+1
0x04A8	0x3450 ;?ICS?lstr2_projet_gestion_appels_infirmiers+2
0x04A9	0x3445 ;?ICS?lstr2_projet_gestion_appels_infirmiers+3
0x04AA	0x344C ;?ICS?lstr2_projet_gestion_appels_infirmiers+4
0x04AB	0x3420 ;?ICS?lstr2_projet_gestion_appels_infirmiers+5
0x04AC	0x3444 ;?ICS?lstr2_projet_gestion_appels_infirmiers+6
0x04AD	0x3445 ;?ICS?lstr2_projet_gestion_appels_infirmiers+7
0x04AE	0x3420 ;?ICS?lstr2_projet_gestion_appels_infirmiers+8
0x04AF	0x344C ;?ICS?lstr2_projet_gestion_appels_infirmiers+9
0x04B0	0x3441 ;?ICS?lstr2_projet_gestion_appels_infirmiers+10
0x04B1	0x3420 ;?ICS?lstr2_projet_gestion_appels_infirmiers+11
0x04B2	0x3400 ;?ICS?lstr2_projet_gestion_appels_infirmiers+12
; end of ?ICS?lstr2_projet_gestion_appels_infirmiers
;projet_gestion_appels_infirmiers.c,0 :: ?ICS?lstr1_projet_gestion_appels_infirmiers
0x04B3	0x3445 ;?ICS?lstr1_projet_gestion_appels_infirmiers+0
0x04B4	0x3454 ;?ICS?lstr1_projet_gestion_appels_infirmiers+1
0x04B5	0x3441 ;?ICS?lstr1_projet_gestion_appels_infirmiers+2
0x04B6	0x3454 ;?ICS?lstr1_projet_gestion_appels_infirmiers+3
0x04B7	0x3420 ;?ICS?lstr1_projet_gestion_appels_infirmiers+4
0x04B8	0x344E ;?ICS?lstr1_projet_gestion_appels_infirmiers+5
0x04B9	0x344F ;?ICS?lstr1_projet_gestion_appels_infirmiers+6
0x04BA	0x3452 ;?ICS?lstr1_projet_gestion_appels_infirmiers+7
0x04BB	0x344D ;?ICS?lstr1_projet_gestion_appels_infirmiers+8
0x04BC	0x3441 ;?ICS?lstr1_projet_gestion_appels_infirmiers+9
0x04BD	0x344C ;?ICS?lstr1_projet_gestion_appels_infirmiers+10
0x04BE	0x3445 ;?ICS?lstr1_projet_gestion_appels_infirmiers+11
0x04BF	0x3400 ;?ICS?lstr1_projet_gestion_appels_infirmiers+12
; end of ?ICS?lstr1_projet_gestion_appels_infirmiers
;projet_gestion_appels_infirmiers.c,0 :: ?ICS?lstr4_projet_gestion_appels_infirmiers
0x04C0	0x3441 ;?ICS?lstr4_projet_gestion_appels_infirmiers+0
0x04C1	0x3450 ;?ICS?lstr4_projet_gestion_appels_infirmiers+1
0x04C2	0x3450 ;?ICS?lstr4_projet_gestion_appels_infirmiers+2
0x04C3	0x3445 ;?ICS?lstr4_projet_gestion_appels_infirmiers+3
0x04C4	0x344C ;?ICS?lstr4_projet_gestion_appels_infirmiers+4
0x04C5	0x3420 ;?ICS?lstr4_projet_gestion_appels_infirmiers+5
0x04C6	0x3444 ;?ICS?lstr4_projet_gestion_appels_infirmiers+6
0x04C7	0x3445 ;?ICS?lstr4_projet_gestion_appels_infirmiers+7
0x04C8	0x3420 ;?ICS?lstr4_projet_gestion_appels_infirmiers+8
0x04C9	0x344C ;?ICS?lstr4_projet_gestion_appels_infirmiers+9
0x04CA	0x3441 ;?ICS?lstr4_projet_gestion_appels_infirmiers+10
0x04CB	0x3420 ;?ICS?lstr4_projet_gestion_appels_infirmiers+11
0x04CC	0x3400 ;?ICS?lstr4_projet_gestion_appels_infirmiers+12
; end of ?ICS?lstr4_projet_gestion_appels_infirmiers
;projet_gestion_appels_infirmiers.c,0 :: ?ICS?lstr7_projet_gestion_appels_infirmiers
0x04CD	0x3443 ;?ICS?lstr7_projet_gestion_appels_infirmiers+0
0x04CE	0x3448 ;?ICS?lstr7_projet_gestion_appels_infirmiers+1
0x04CF	0x3441 ;?ICS?lstr7_projet_gestion_appels_infirmiers+2
0x04D0	0x344D ;?ICS?lstr7_projet_gestion_appels_infirmiers+3
0x04D1	0x3442 ;?ICS?lstr7_projet_gestion_appels_infirmiers+4
0x04D2	0x3452 ;?ICS?lstr7_projet_gestion_appels_infirmiers+5
0x04D3	0x3445 ;?ICS?lstr7_projet_gestion_appels_infirmiers+6
0x04D4	0x3420 ;?ICS?lstr7_projet_gestion_appels_infirmiers+7
0x04D5	0x3433 ;?ICS?lstr7_projet_gestion_appels_infirmiers+8
0x04D6	0x3400 ;?ICS?lstr7_projet_gestion_appels_infirmiers+9
; end of ?ICS?lstr7_projet_gestion_appels_infirmiers
;projet_gestion_appels_infirmiers.c,0 :: ?ICS?lstr6_projet_gestion_appels_infirmiers
0x04D7	0x3441 ;?ICS?lstr6_projet_gestion_appels_infirmiers+0
0x04D8	0x3450 ;?ICS?lstr6_projet_gestion_appels_infirmiers+1
0x04D9	0x3450 ;?ICS?lstr6_projet_gestion_appels_infirmiers+2
0x04DA	0x3445 ;?ICS?lstr6_projet_gestion_appels_infirmiers+3
0x04DB	0x344C ;?ICS?lstr6_projet_gestion_appels_infirmiers+4
0x04DC	0x3420 ;?ICS?lstr6_projet_gestion_appels_infirmiers+5
0x04DD	0x3444 ;?ICS?lstr6_projet_gestion_appels_infirmiers+6
0x04DE	0x3445 ;?ICS?lstr6_projet_gestion_appels_infirmiers+7
0x04DF	0x3420 ;?ICS?lstr6_projet_gestion_appels_infirmiers+8
0x04E0	0x344C ;?ICS?lstr6_projet_gestion_appels_infirmiers+9
0x04E1	0x3441 ;?ICS?lstr6_projet_gestion_appels_infirmiers+10
0x04E2	0x3420 ;?ICS?lstr6_projet_gestion_appels_infirmiers+11
0x04E3	0x3400 ;?ICS?lstr6_projet_gestion_appels_infirmiers+12
; end of ?ICS?lstr6_projet_gestion_appels_infirmiers
;projet_gestion_appels_infirmiers.c,0 :: ?ICS?lstr5_projet_gestion_appels_infirmiers
0x04E4	0x3443 ;?ICS?lstr5_projet_gestion_appels_infirmiers+0
0x04E5	0x3448 ;?ICS?lstr5_projet_gestion_appels_infirmiers+1
0x04E6	0x3441 ;?ICS?lstr5_projet_gestion_appels_infirmiers+2
0x04E7	0x344D ;?ICS?lstr5_projet_gestion_appels_infirmiers+3
0x04E8	0x3442 ;?ICS?lstr5_projet_gestion_appels_infirmiers+4
0x04E9	0x3452 ;?ICS?lstr5_projet_gestion_appels_infirmiers+5
0x04EA	0x3445 ;?ICS?lstr5_projet_gestion_appels_infirmiers+6
0x04EB	0x3420 ;?ICS?lstr5_projet_gestion_appels_infirmiers+7
0x04EC	0x3432 ;?ICS?lstr5_projet_gestion_appels_infirmiers+8
0x04ED	0x3400 ;?ICS?lstr5_projet_gestion_appels_infirmiers+9
; end of ?ICS?lstr5_projet_gestion_appels_infirmiers
Symbol List:
//** Routines locations **
//ADDRESS    SIZE    PROCEDURE
//----------------------------------------------
0x0004      [23]    _interrupt
0x001B       [5]    _Delay_1us
0x0020      [11]    _Delay_5500us
0x002B       [8]    _Delay_50us
0x0033      [74]    _Lcd_Cmd
0x007D       [7]    _Delay_22us
0x0084      [12]    _UART1_Write
0x0090       [7]    _____DoICP
0x0097      [11]    _Lcd_Chr_CP
0x00A2      [40]    _ADC_Read
0x00CA      [35]    _EEPROM_Write
0x00ED      [29]    _UART1_Write_Text
0x010A      [13]    _EEPROM_Read
0x0117      [79]    _Lcd_Init
0x0166      [73]    _Lcd_Out
0x01AF      [16]    _Move_Delay
0x01BF      [12]    ___CC2DW
0x01CB      [16]    _UART1_Init
0x01DB      [23]    _ADC_Init
0x01F2     [632]    _main
//** Variables locations ** 
//ADDRESS    SIZE    VARIABLE
//----------------------------------------------
0x0000       [1]    INDF
0x0002       [1]    PCL
0x0003       [1]    STATUS
0x0004       [1]    FSR
0x0005       [1]    PORTA
0x0006       [0]    LCD_D7
0x0006       [0]    LCD_D6
0x0006       [0]    RB2_bit
0x0006       [0]    RB3_bit
0x0006       [0]    RB1_bit
0x0006       [0]    RB5_bit
0x0006       [0]    LCD_D4
0x0006       [0]    LCD_D5
0x0006       [0]    RB4_bit
0x0006       [0]    LCD_EN
0x0006       [1]    PORTB
0x0007       [0]    LCD_RS
0x0007       [0]    RC5_bit
0x0007       [1]    PORTC
0x0008       [1]    PORTD
0x0009       [1]    PORTE
0x000A       [1]    PCLATH
0x000B       [1]    INTCON
0x000C       [1]    PIR1
0x0018       [1]    RCSTA
0x0019       [1]    TXREG
0x001A       [1]    RCREG
0x001E       [1]    ADRESH
0x001F       [1]    ADCON0
0x0020      [12]    ?lstr10_projet_gestion_appels_infirmiers
0x002C       [1]    _flag
0x002D      [10]    ?lstr9_projet_gestion_appels_infirmiers
0x0037       [8]    ?lstr11_projet_gestion_appels_infirmiers
0x003F       [1]    _vref_mask
0x0040      [12]    ?lstr8_projet_gestion_appels_infirmiers
0x004C      [10]    ?lstr3_projet_gestion_appels_infirmiers
0x0056      [13]    ?lstr2_projet_gestion_appels_infirmiers
0x0063      [13]    ?lstr1_projet_gestion_appels_infirmiers
0x0070       [1]    R0
0x0071       [1]    R1
0x0072       [1]    R2
0x0073       [1]    R3
0x0074       [1]    R4
0x0075       [1]    R5
0x0076       [1]    R6
0x0077       [1]    R7
0x0078       [1]    R8
0x0079       [1]    R9
0x007A       [1]    R10
0x007B       [1]    R11
0x007C       [1]    R12
0x007D       [1]    R13
0x007E       [1]    R14
0x007F       [1]    R15
0x0081       [1]    OPTION_REG
0x0085       [1]    TRISA
0x0086       [0]    LCD_D7_Direction
0x0086       [0]    LCD_D5_Direction
0x0086       [0]    TRISB1_bit
0x0086       [0]    LCD_D6_Direction
0x0086       [1]    TRISB
0x0086       [0]    LCD_EN_Direction
0x0086       [0]    TRISB4_bit
0x0086       [0]    TRISB5_bit
0x0086       [0]    TRISB2_bit
0x0086       [0]    TRISB3_bit
0x0086       [0]    LCD_D4_Direction
0x0087       [1]    TRISC
0x0087       [0]    TRISC7_bit
0x0087       [0]    LCD_RS_Direction
0x0087       [0]    TRISC5_bit
0x0087       [0]    TRISC6_bit
0x0088       [1]    TRISD
0x0089       [1]    TRISE
0x0098       [1]    TXSTA
0x0099       [1]    SPBRG
0x009E       [1]    ADRESL
0x009F       [1]    ADCON1
0x00A0      [13]    ?lstr4_projet_gestion_appels_infirmiers
0x00AD      [10]    ?lstr7_projet_gestion_appels_infirmiers
0x00B7      [13]    ?lstr6_projet_gestion_appels_infirmiers
0x00C4      [10]    ?lstr5_projet_gestion_appels_infirmiers
0x00CE       [2]    _hearttt
0x00D0       [2]    _heartt
0x00D2       [2]    _heart
0x00D4       [2]    _heartttt
0x00D6       [2]    _MINI
0x00D8       [2]    _MAXI
0x00DA       [2]    _rate
0x00DC       [2]    _t
0x00DE       [2]    ___DoICPAddr
0x00E0       [2]    _a
0x00E2       [2]    _y
0x00E4       [2]    _x
0x00E6       [2]    _b
0x00E8       [0]    __Lib_Lcd_cmd_status
0x00E9       [3]    _ADC_Get_Sample_Ptr
0x00EC       [1]    ___saveSTATUS
0x00ED       [1]    ___savePCLATH
0x00EE       [1]    Lcd_Out_i_L0
0x00EE       [1]    FARG_UART1_Write_Text_uart_text
0x00EE       [1]    FARG_ADC_Read_channel
0x00EE       [1]    FARG_EEPROM_Read_Address
0x00EE       [1]    FARG_EEPROM_Write_Address
0x00EF       [1]    FARG_EEPROM_Write_data_
0x00EF       [1]    UART1_Write_Text_data__L0
0x010C       [1]    EEDATA
0x010D       [1]    EEADR
0x0110       [1]    FARG_Lcd_Out_row
0x0110       [1]    UART1_Write_Text_counter_L0
0x0111       [1]    FARG_Lcd_Out_column
0x0112       [1]    FARG_Lcd_Out_text
0x0113       [1]    FARG_Lcd_Chr_CP_out_char
0x0113       [1]    FARG_UART1_Write_data_
0x0114       [1]    FARG_Lcd_Cmd_out_char
0x018C       [1]    EECON1
0x018D       [1]    EECON2
//** Constants locations ** 
//ADDRESS    SIZE    CONSTANT
//----------------------------------------------
0x0470      [12]    ?ICS?lstr10_projet_gestion_appels_infirmiers
0x047C       [1]    ?ICS_flag
0x047D      [10]    ?ICS?lstr9_projet_gestion_appels_infirmiers
0x0487       [8]    ?ICS?lstr11_projet_gestion_appels_infirmiers
0x048F       [1]    ?ICS_vref_mask
0x0490      [12]    ?ICS?lstr8_projet_gestion_appels_infirmiers
0x049C      [10]    ?ICS?lstr3_projet_gestion_appels_infirmiers
0x04A6      [13]    ?ICS?lstr2_projet_gestion_appels_infirmiers
0x04B3      [13]    ?ICS?lstr1_projet_gestion_appels_infirmiers
0x04C0      [13]    ?ICS?lstr4_projet_gestion_appels_infirmiers
0x04CD      [10]    ?ICS?lstr7_projet_gestion_appels_infirmiers
0x04D7      [13]    ?ICS?lstr6_projet_gestion_appels_infirmiers
0x04E4      [10]    ?ICS?lstr5_projet_gestion_appels_infirmiers
